Initialize engine version: 5.3.1f1 (cc9cbbcc37b4)
GfxDevice: creating device client; threaded=1
Direct3D:
    Version:  Direct3D 11.0 [level 11.0]
    Renderer: NVIDIA GeForce GTX 970 (ID=0x13c2)
    Vendor:   NVIDIA
    VRAM:     3072 MB
Begin MonoManager ReloadAssembly
Platform assembly: D:\Unity\Teluma\Builds\PC Builds\Teluma v0.2.0\Teluma 0.2.0_Data\Managed\UnityEngine.dll (this message is harmless)
Loading D:\Unity\Teluma\Builds\PC Builds\Teluma v0.2.0\Teluma 0.2.0_Data\Managed\UnityEngine.dll into Unity Child Domain
Platform assembly: D:\Unity\Teluma\Builds\PC Builds\Teluma v0.2.0\Teluma 0.2.0_Data\Managed\Assembly-CSharp.dll (this message is harmless)
Loading D:\Unity\Teluma\Builds\PC Builds\Teluma v0.2.0\Teluma 0.2.0_Data\Managed\Assembly-CSharp.dll into Unity Child Domain
Platform assembly: D:\Unity\Teluma\Builds\PC Builds\Teluma v0.2.0\Teluma 0.2.0_Data\Managed\UnityEngine.UI.dll (this message is harmless)
Loading D:\Unity\Teluma\Builds\PC Builds\Teluma v0.2.0\Teluma 0.2.0_Data\Managed\UnityEngine.UI.dll into Unity Child Domain
Platform assembly: D:\Unity\Teluma\Builds\PC Builds\Teluma v0.2.0\Teluma 0.2.0_Data\Managed\UnityEngine.Networking.dll (this message is harmless)
Loading D:\Unity\Teluma\Builds\PC Builds\Teluma v0.2.0\Teluma 0.2.0_Data\Managed\UnityEngine.Networking.dll into Unity Child Domain
Platform assembly: D:\Unity\Teluma\Builds\PC Builds\Teluma v0.2.0\Teluma 0.2.0_Data\Managed\Pathfinding.Ionic.Zip.Reduced.dll (this message is harmless)
Loading D:\Unity\Teluma\Builds\PC Builds\Teluma v0.2.0\Teluma 0.2.0_Data\Managed\Pathfinding.Ionic.Zip.Reduced.dll into Unity Child Domain
Platform assembly: D:\Unity\Teluma\Builds\PC Builds\Teluma v0.2.0\Teluma 0.2.0_Data\Managed\Pathfinding.JsonFx.dll (this message is harmless)
Loading D:\Unity\Teluma\Builds\PC Builds\Teluma v0.2.0\Teluma 0.2.0_Data\Managed\Pathfinding.JsonFx.dll into Unity Child Domain
- Completed reload, in  0.195 seconds
Platform assembly: D:\Unity\Teluma\Builds\PC Builds\Teluma v0.2.0\Teluma 0.2.0_Data\Managed\System.Core.dll (this message is harmless)
Platform assembly: D:\Unity\Teluma\Builds\PC Builds\Teluma v0.2.0\Teluma 0.2.0_Data\Managed\System.dll (this message is harmless)
desktop: 1920x1080 60Hz; virtual: 1920x1080 at 0,0
<RI> Initializing input.
<RI> Input initialized.
<RI> Initialized touch support.
UnloadTime: 0.801171 ms
NullReferenceException: Object reference not set to an instance of an object
  at ClickToPlay.Update () [0x00000] in <filename unknown>:0 
 
(Filename:  Line: -1)

NullReferenceException: Object reference not set to an instance of an object
  at ClickToPlay.Update () [0x00000] in <filename unknown>:0 
 
(Filename:  Line: -1)

NullReferenceException: Object reference not set to an instance of an object
  at ClickToPlay.Update () [0x00000] in <filename unknown>:0 
 
(Filename:  Line: -1)

NullReferenceException: Object reference not set to an instance of an object
  at ClickToPlay.Update () [0x00000] in <filename unknown>:0 
 
(Filename:  Line: -1)

NullReferenceException: Object reference not set to an instance of an object
  at ClickToPlay.Update () [0x00000] in <filename unknown>:0 
 
(Filename:  Line: -1)

NullReferenceException: Object reference not set to an instance of an object
  at ClickToPlay.Update () [0x00000] in <filename unknown>:0 
 
(Filename:  Line: -1)

NullReferenceException: Object reference not set to an instance of an object
  at ClickToPlay.Update () [0x00000] in <filename unknown>:0 
 
(Filename:  Line: -1)

NullReferenceException: Object reference not set to an instance of an object
  at ClickToPlay.Update () [0x00000] in <filename unknown>:0 
 
(Filename:  Line: -1)

NullReferenceException: Object reference not set to an instance of an object
  at ClickToPlay.Update () [0x00000] in <filename unknown>:0 
 
(Filename:  Line: -1)

NullReferenceException: Object reference not set to an instance of an object
  at ClickToPlay.Update () [0x00000] in <filename unknown>:0 
 
(Filename:  Line: -1)

NullReferenceException: Object reference not set to an instance of an object
  at ClickToPlay.Update () [0x00000] in <filename unknown>:0 
 
(Filename:  Line: -1)

NullReferenceException: Object reference not set to an instance of an object
  at ClickToPlay.Update () [0x00000] in <filename unknown>:0 
 
(Filename:  Line: -1)

NullReferenceException: Object reference not set to an instance of an object
  at ClickToPlay.Update () [0x00000] in <filename unknown>:0 
 
(Filename:  Line: -1)

NullReferenceException: Object reference not set to an instance of an object
  at ClickToPlay.Update () [0x00000] in <filename unknown>:0 
 
(Filename:  Line: -1)

NullReferenceException: Object reference not set to an instance of an object
  at ClickToPlay.Update () [0x00000] in <filename unknown>:0 
 
(Filename:  Line: -1)

NullReferenceException: Object reference not set to an instance of an object
  at ClickToPlay.Update () [0x00000] in <filename unknown>:0 
 
(Filename:  Line: -1)

NullReferenceException: Object reference not set to an instance of an object
  at ClickToPlay.Update () [0x00000] in <filename unknown>:0 
 
(Filename:  Line: -1)

NullReferenceException: Object reference not set to an instance of an object
  at ClickToPlay.Update () [0x00000] in <filename unknown>:0 
 
(Filename:  Line: -1)

NullReferenceException: Object reference not set to an instance of an object
  at ClickToPlay.Update () [0x00000] in <filename unknown>:0 
 
(Filename:  Line: -1)

NullReferenceException: Object reference not set to an instance of an object
  at ClickToPlay.Update () [0x00000] in <filename unknown>:0 
 
(Filename:  Line: -1)

NullReferenceException: Object reference not set to an instance of an object
  at ClickToPlay.Update () [0x00000] in <filename unknown>:0 
 
(Filename:  Line: -1)

NullReferenceException: Object reference not set to an instance of an object
  at ClickToPlay.Update () [0x00000] in <filename unknown>:0 
 
(Filename:  Line: -1)

NullReferenceException: Object reference not set to an instance of an object
  at ClickToPlay.Update () [0x00000] in <filename unknown>:0 
 
(Filename:  Line: -1)

NullReferenceException: Object reference not set to an instance of an object
  at ClickToPlay.Update () [0x00000] in <filename unknown>:0 
 
(Filename:  Line: -1)

NullReferenceException: Object reference not set to an instance of an object
  at ClickToPlay.Update () [0x00000] in <filename unknown>:0 
 
(Filename:  Line: -1)

NullReferenceException: Object reference not set to an instance of an object
  at ClickToPlay.Update () [0x00000] in <filename unknown>:0 
 
(Filename:  Line: -1)

NullReferenceException: Object reference not set to an instance of an object
  at ClickToPlay.Update () [0x00000] in <filename unknown>:0 
 
(Filename:  Line: -1)

NullReferenceException: Object reference not set to an instance of an object
  at ClickToPlay.Update () [0x00000] in <filename unknown>:0 
 
(Filename:  Line: -1)

NullReferenceException: Object reference not set to an instance of an object
  at ClickToPlay.Update () [0x00000] in <filename unknown>:0 
 
(Filename:  Line: -1)

NullReferenceException: Object reference not set to an instance of an object
  at ClickToPlay.Update () [0x00000] in <filename unknown>:0 
 
(Filename:  Line: -1)

NullReferenceException: Object reference not set to an instance of an object
  at ClickToPlay.Update () [0x00000] in <filename unknown>:0 
 
(Filename:  Line: -1)

NullReferenceException: Object reference not set to an instance of an object
  at ClickToPlay.Update () [0x00000] in <filename unknown>:0 
 
(Filename:  Line: -1)

NullReferenceException: Object reference not set to an instance of an object
  at ClickToPlay.Update () [0x00000] in <filename unknown>:0 
 
(Filename:  Line: -1)

NullReferenceException: Object reference not set to an instance of an object
  at ClickToPlay.Update () [0x00000] in <filename unknown>:0 
 
(Filename:  Line: -1)

NullReferenceException: Object reference not set to an instance of an object
  at ClickToPlay.Update () [0x00000] in <filename unknown>:0 
 
(Filename:  Line: -1)

NullReferenceException: Object reference not set to an instance of an object
  at ClickToPlay.Update () [0x00000] in <filename unknown>:0 
 
(Filename:  Line: -1)

NullReferenceException: Object reference not set to an instance of an object
  at ClickToPlay.Update () [0x00000] in <filename unknown>:0 
 
(Filename:  Line: -1)

NullReferenceException: Object reference not set to an instance of an object
  at ClickToPlay.Update () [0x00000] in <filename unknown>:0 
 
(Filename:  Line: -1)

NullReferenceException: Object reference not set to an instance of an object
  at ClickToPlay.Update () [0x00000] in <filename unknown>:0 
 
(Filename:  Line: -1)

NullReferenceException: Object reference not set to an instance of an object
  at ClickToPlay.Update () [0x00000] in <filename unknown>:0 
 
(Filename:  Line: -1)

NullReferenceException: Object reference not set to an instance of an object
  at ClickToPlay.Update () [0x00000] in <filename unknown>:0 
 
(Filename:  Line: -1)

NullReferenceException: Object reference not set to an instance of an object
  at ClickToPlay.Update () [0x00000] in <filename unknown>:0 
 
(Filename:  Line: -1)

NullReferenceException: Object reference not set to an instance of an object
  at ClickToPlay.Update () [0x00000] in <filename unknown>:0 
 
(Filename:  Line: -1)

NullReferenceException: Object reference not set to an instance of an object
  at ClickToPlay.Update () [0x00000] in <filename unknown>:0 
 
(Filename:  Line: -1)

NullReferenceException: Object reference not set to an instance of an object
  at ClickToPlay.Update () [0x00000] in <filename unknown>:0 
 
(Filename:  Line: -1)

NullReferenceException: Object reference not set to an instance of an object
  at ClickToPlay.Update () [0x00000] in <filename unknown>:0 
 
(Filename:  Line: -1)

NullReferenceException: Object reference not set to an instance of an object
  at ClickToPlay.Update () [0x00000] in <filename unknown>:0 
 
(Filename:  Line: -1)

NullReferenceException: Object reference not set to an instance of an object
  at ClickToPlay.Update () [0x00000] in <filename unknown>:0 
 
(Filename:  Line: -1)

NullReferenceException: Object reference not set to an instance of an object
  at ClickToPlay.Update () [0x00000] in <filename unknown>:0 
 
(Filename:  Line: -1)

NullReferenceException: Object reference not set to an instance of an object
  at ClickToPlay.Update () [0x00000] in <filename unknown>:0 
 
(Filename:  Line: -1)

NullReferenceException: Object reference not set to an instance of an object
  at ClickToPlay.Update () [0x00000] in <filename unknown>:0 
 
(Filename:  Line: -1)

NullReferenceException: Object reference not set to an instance of an object
  at ClickToPlay.Update () [0x00000] in <filename unknown>:0 
 
(Filename:  Line: -1)

NullReferenceException: Object reference not set to an instance of an object
  at ClickToPlay.Update () [0x00000] in <filename unknown>:0 
 
(Filename:  Line: -1)

NullReferenceException: Object reference not set to an instance of an object
  at ClickToPlay.Update () [0x00000] in <filename unknown>:0 
 
(Filename:  Line: -1)

NullReferenceException: Object reference not set to an instance of an object
  at ClickToPlay.Update () [0x00000] in <filename unknown>:0 
 
(Filename:  Line: -1)

NullReferenceException: Object reference not set to an instance of an object
  at ClickToPlay.Update () [0x00000] in <filename unknown>:0 
 
(Filename:  Line: -1)

NullReferenceException: Object reference not set to an instance of an object
  at ClickToPlay.Update () [0x00000] in <filename unknown>:0 
 
(Filename:  Line: -1)

NullReferenceException: Object reference not set to an instance of an object
  at ClickToPlay.Update () [0x00000] in <filename unknown>:0 
 
(Filename:  Line: -1)

NullReferenceException: Object reference not set to an instance of an object
  at ClickToPlay.Update () [0x00000] in <filename unknown>:0 
 
(Filename:  Line: -1)

NullReferenceException: Object reference not set to an instance of an object
  at ClickToPlay.Update () [0x00000] in <filename unknown>:0 
 
(Filename:  Line: -1)

NullReferenceException: Object reference not set to an instance of an object
  at ClickToPlay.Update () [0x00000] in <filename unknown>:0 
 
(Filename:  Line: -1)

NullReferenceException: Object reference not set to an instance of an object
  at ClickToPlay.Update () [0x00000] in <filename unknown>:0 
 
(Filename:  Line: -1)

NullReferenceException: Object reference not set to an instance of an object
  at ClickToPlay.Update () [0x00000] in <filename unknown>:0 
 
(Filename:  Line: -1)

NullReferenceException: Object reference not set to an instance of an object
  at ClickToPlay.Update () [0x00000] in <filename unknown>:0 
 
(Filename:  Line: -1)

NullReferenceException: Object reference not set to an instance of an object
  at ClickToPlay.Update () [0x00000] in <filename unknown>:0 
 
(Filename:  Line: -1)

NullReferenceException: Object reference not set to an instance of an object
  at ClickToPlay.Update () [0x00000] in <filename unknown>:0 
 
(Filename:  Line: -1)

NullReferenceException: Object reference not set to an instance of an object
  at ClickToPlay.Update () [0x00000] in <filename unknown>:0 
 
(Filename:  Line: -1)

NullReferenceException: Object reference not set to an instance of an object
  at ClickToPlay.Update () [0x00000] in <filename unknown>:0 
 
(Filename:  Line: -1)

NullReferenceException: Object reference not set to an instance of an object
  at ClickToPlay.Update () [0x00000] in <filename unknown>:0 
 
(Filename:  Line: -1)

NullReferenceException: Object reference not set to an instance of an object
  at ClickToPlay.Update () [0x00000] in <filename unknown>:0 
 
(Filename:  Line: -1)

NullReferenceException: Object reference not set to an instance of an object
  at ClickToPlay.Update () [0x00000] in <filename unknown>:0 
 
(Filename:  Line: -1)

NullReferenceException: Object reference not set to an instance of an object
  at ClickToPlay.Update () [0x00000] in <filename unknown>:0 
 
(Filename:  Line: -1)

NullReferenceException: Object reference not set to an instance of an object
  at ClickToPlay.Update () [0x00000] in <filename unknown>:0 
 
(Filename:  Line: -1)

NullReferenceException: Object reference not set to an instance of an object
  at ClickToPlay.Update () [0x00000] in <filename unknown>:0 
 
(Filename:  Line: -1)

NullReferenceException: Object reference not set to an instance of an object
  at ClickToPlay.Update () [0x00000] in <filename unknown>:0 
 
(Filename:  Line: -1)

NullReferenceException: Object reference not set to an instance of an object
  at ClickToPlay.Update () [0x00000] in <filename unknown>:0 
 
(Filename:  Line: -1)

NullReferenceException: Object reference not set to an instance of an object
  at ClickToPlay.Update () [0x00000] in <filename unknown>:0 
 
(Filename:  Line: -1)

NullReferenceException: Object reference not set to an instance of an object
  at ClickToPlay.Update () [0x00000] in <filename unknown>:0 
 
(Filename:  Line: -1)

NullReferenceException: Object reference not set to an instance of an object
  at ClickToPlay.Update () [0x00000] in <filename unknown>:0 
 
(Filename:  Line: -1)

NullReferenceException: Object reference not set to an instance of an object
  at ClickToPlay.Update () [0x00000] in <filename unknown>:0 
 
(Filename:  Line: -1)

NullReferenceException: Object reference not set to an instance of an object
  at ClickToPlay.Update () [0x00000] in <filename unknown>:0 
 
(Filename:  Line: -1)

NullReferenceException: Object reference not set to an instance of an object
  at ClickToPlay.Update () [0x00000] in <filename unknown>:0 
 
(Filename:  Line: -1)

NullReferenceException: Object reference not set to an instance of an object
  at ClickToPlay.Update () [0x00000] in <filename unknown>:0 
 
(Filename:  Line: -1)

NullReferenceException: Object reference not set to an instance of an object
  at ClickToPlay.Update () [0x00000] in <filename unknown>:0 
 
(Filename:  Line: -1)

NullReferenceException: Object reference not set to an instance of an object
  at ClickToPlay.Update () [0x00000] in <filename unknown>:0 
 
(Filename:  Line: -1)

NullReferenceException: Object reference not set to an instance of an object
  at ClickToPlay.Update () [0x00000] in <filename unknown>:0 
 
(Filename:  Line: -1)

NullReferenceException: Object reference not set to an instance of an object
  at ClickToPlay.Update () [0x00000] in <filename unknown>:0 
 
(Filename:  Line: -1)

0
 
(Filename: C:/buildslave/unity/build/artifacts/generated/common/runtime/UnityEngineDebugBindings.gen.cpp Line: 37)

NullReferenceException: Object reference not set to an instance of an object
  at ClickToPlay.Update () [0x00000] in <filename unknown>:0 
 
(Filename:  Line: -1)

NullReferenceException: Object reference not set to an instance of an object
  at ClickToPlay.Update () [0x00000] in <filename unknown>:0 
 
(Filename:  Line: -1)

0.01940701
 
(Filename: C:/buildslave/unity/build/artifacts/generated/common/runtime/UnityEngineDebugBindings.gen.cpp Line: 37)

NullReferenceException: Object reference not set to an instance of an object
  at ClickToPlay.Update () [0x00000] in <filename unknown>:0 
 
(Filename:  Line: -1)

0.01940701
 
(Filename: C:/buildslave/unity/build/artifacts/generated/common/runtime/UnityEngineDebugBindings.gen.cpp Line: 37)

NullReferenceException: Object reference not set to an instance of an object
  at ClickToPlay.Update () [0x00000] in <filename unknown>:0 
 
(Filename:  Line: -1)

0.01958028
 
(Filename: C:/buildslave/unity/build/artifacts/generated/common/runtime/UnityEngineDebugBindings.gen.cpp Line: 37)

NullReferenceException: Object reference not set to an instance of an object
  at ClickToPlay.Update () [0x00000] in <filename unknown>:0 
 
(Filename:  Line: -1)

0.01975356
 
(Filename: C:/buildslave/unity/build/artifacts/generated/common/runtime/UnityEngineDebugBindings.gen.cpp Line: 37)

NullReferenceException: Object reference not set to an instance of an object
  at ClickToPlay.Update () [0x00000] in <filename unknown>:0 
 
(Filename:  Line: -1)

0.01975356
 
(Filename: C:/buildslave/unity/build/artifacts/generated/common/runtime/UnityEngineDebugBindings.gen.cpp Line: 37)

NullReferenceException: Object reference not set to an instance of an object
  at ClickToPlay.Update () [0x00000] in <filename unknown>:0 
 
(Filename:  Line: -1)

0.01975356
 
(Filename: C:/buildslave/unity/build/artifacts/generated/common/runtime/UnityEngineDebugBindings.gen.cpp Line: 37)

NullReferenceException: Object reference not set to an instance of an object
  at ClickToPlay.Update () [0x00000] in <filename unknown>:0 
 
(Filename:  Line: -1)

0.02027339
 
(Filename: C:/buildslave/unity/build/artifacts/generated/common/runtime/UnityEngineDebugBindings.gen.cpp Line: 37)

NullReferenceException: Object reference not set to an instance of an object
  at ClickToPlay.Update () [0x00000] in <filename unknown>:0 
 
(Filename:  Line: -1)

0.02027339
 
(Filename: C:/buildslave/unity/build/artifacts/generated/common/runtime/UnityEngineDebugBindings.gen.cpp Line: 37)

NullReferenceException: Object reference not set to an instance of an object
  at ClickToPlay.Update () [0x00000] in <filename unknown>:0 
 
(Filename:  Line: -1)

0.02027339
 
(Filename: C:/buildslave/unity/build/artifacts/generated/common/runtime/UnityEngineDebugBindings.gen.cpp Line: 37)

NullReferenceException: Object reference not set to an instance of an object
  at ClickToPlay.Update () [0x00000] in <filename unknown>:0 
 
(Filename:  Line: -1)

0.02027339
 
(Filename: C:/buildslave/unity/build/artifacts/generated/common/runtime/UnityEngineDebugBindings.gen.cpp Line: 37)

NullReferenceException: Object reference not set to an instance of an object
  at ClickToPlay.Update () [0x00000] in <filename unknown>:0 
 
(Filename:  Line: -1)

0.02027339
 
(Filename: C:/buildslave/unity/build/artifacts/generated/common/runtime/UnityEngineDebugBindings.gen.cpp Line: 37)

NullReferenceException: Object reference not set to an instance of an object
  at ClickToPlay.Update () [0x00000] in <filename unknown>:0 
 
(Filename:  Line: -1)

0.02027339
 
(Filename: C:/buildslave/unity/build/artifacts/generated/common/runtime/UnityEngineDebugBindings.gen.cpp Line: 37)

NullReferenceException: Object reference not set to an instance of an object
  at ClickToPlay.Update () [0x00000] in <filename unknown>:0 
 
(Filename:  Line: -1)

0.02027339
 
(Filename: C:/buildslave/unity/build/artifacts/generated/common/runtime/UnityEngineDebugBindings.gen.cpp Line: 37)

NullReferenceException: Object reference not set to an instance of an object
  at ClickToPlay.Update () [0x00000] in <filename unknown>:0 
 
(Filename:  Line: -1)

0.02027339
 
(Filename: C:/buildslave/unity/build/artifacts/generated/common/runtime/UnityEngineDebugBindings.gen.cpp Line: 37)

NullReferenceException: Object reference not set to an instance of an object
  at ClickToPlay.Update () [0x00000] in <filename unknown>:0 
 
(Filename:  Line: -1)

0.02027339
 
(Filename: C:/buildslave/unity/build/artifacts/generated/common/runtime/UnityEngineDebugBindings.gen.cpp Line: 37)

NullReferenceException: Object reference not set to an instance of an object
  at ClickToPlay.Update () [0x00000] in <filename unknown>:0 
 
(Filename:  Line: -1)

0.02027339
 
(Filename: C:/buildslave/unity/build/artifacts/generated/common/runtime/UnityEngineDebugBindings.gen.cpp Line: 37)

NullReferenceException: Object reference not set to an instance of an object
  at ClickToPlay.Update () [0x00000] in <filename unknown>:0 
 
(Filename:  Line: -1)

0.02027339
 
(Filename: C:/buildslave/unity/build/artifacts/generated/common/runtime/UnityEngineDebugBindings.gen.cpp Line: 37)

NullReferenceException: Object reference not set to an instance of an object
  at ClickToPlay.Update () [0x00000] in <filename unknown>:0 
 
(Filename:  Line: -1)

0.02027339
 
(Filename: C:/buildslave/unity/build/artifacts/generated/common/runtime/UnityEngineDebugBindings.gen.cpp Line: 37)

NullReferenceException: Object reference not set to an instance of an object
  at ClickToPlay.Update () [0x00000] in <filename unknown>:0 
 
(Filename:  Line: -1)

0.02027339
 
(Filename: C:/buildslave/unity/build/artifacts/generated/common/runtime/UnityEngineDebugBindings.gen.cpp Line: 37)

NullReferenceException: Object reference not set to an instance of an object
  at ClickToPlay.Update () [0x00000] in <filename unknown>:0 
 
(Filename:  Line: -1)

0.02027339
 
(Filename: C:/buildslave/unity/build/artifacts/generated/common/runtime/UnityEngineDebugBindings.gen.cpp Line: 37)

NullReferenceException: Object reference not set to an instance of an object
  at ClickToPlay.Update () [0x00000] in <filename unknown>:0 
 
(Filename:  Line: -1)

0.02027339
 
(Filename: C:/buildslave/unity/build/artifacts/generated/common/runtime/UnityEngineDebugBindings.gen.cpp Line: 37)

NullReferenceException: Object reference not set to an instance of an object
  at ClickToPlay.Update () [0x00000] in <filename unknown>:0 
 
(Filename:  Line: -1)

0.02027339
 
(Filename: C:/buildslave/unity/build/artifacts/generated/common/runtime/UnityEngineDebugBindings.gen.cpp Line: 37)

NullReferenceException: Object reference not set to an instance of an object
  at ClickToPlay.Update () [0x00000] in <filename unknown>:0 
 
(Filename:  Line: -1)

0.02027339
 
(Filename: C:/buildslave/unity/build/artifacts/generated/common/runtime/UnityEngineDebugBindings.gen.cpp Line: 37)

NullReferenceException: Object reference not set to an instance of an object
  at ClickToPlay.Update () [0x00000] in <filename unknown>:0 
 
(Filename:  Line: -1)

0.02027339
 
(Filename: C:/buildslave/unity/build/artifacts/generated/common/runtime/UnityEngineDebugBindings.gen.cpp Line: 37)

NullReferenceException: Object reference not set to an instance of an object
  at ClickToPlay.Update () [0x00000] in <filename unknown>:0 
 
(Filename:  Line: -1)

0.02027339
 
(Filename: C:/buildslave/unity/build/artifacts/generated/common/runtime/UnityEngineDebugBindings.gen.cpp Line: 37)

NullReferenceException: Object reference not set to an instance of an object
  at ClickToPlay.Update () [0x00000] in <filename unknown>:0 
 
(Filename:  Line: -1)

0.02027339
 
(Filename: C:/buildslave/unity/build/artifacts/generated/common/runtime/UnityEngineDebugBindings.gen.cpp Line: 37)

NullReferenceException: Object reference not set to an instance of an object
  at ClickToPlay.Update () [0x00000] in <filename unknown>:0 
 
(Filename:  Line: -1)

0.02027339
 
(Filename: C:/buildslave/unity/build/artifacts/generated/common/runtime/UnityEngineDebugBindings.gen.cpp Line: 37)

NullReferenceException: Object reference not set to an instance of an object
  at ClickToPlay.Update () [0x00000] in <filename unknown>:0 
 
(Filename:  Line: -1)

0.02027339
 
(Filename: C:/buildslave/unity/build/artifacts/generated/common/runtime/UnityEngineDebugBindings.gen.cpp Line: 37)

NullReferenceException: Object reference not set to an instance of an object
  at ClickToPlay.Update () [0x00000] in <filename unknown>:0 
 
(Filename:  Line: -1)

0.02027339
 
(Filename: C:/buildslave/unity/build/artifacts/generated/common/runtime/UnityEngineDebugBindings.gen.cpp Line: 37)

NullReferenceException: Object reference not set to an instance of an object
  at ClickToPlay.Update () [0x00000] in <filename unknown>:0 
 
(Filename:  Line: -1)

0.02027339
 
(Filename: C:/buildslave/unity/build/artifacts/generated/common/runtime/UnityEngineDebugBindings.gen.cpp Line: 37)

NullReferenceException: Object reference not set to an instance of an object
  at ClickToPlay.Update () [0x00000] in <filename unknown>:0 
 
(Filename:  Line: -1)

0.02027339
 
(Filename: C:/buildslave/unity/build/artifacts/generated/common/runtime/UnityEngineDebugBindings.gen.cpp Line: 37)

NullReferenceException: Object reference not set to an instance of an object
  at ClickToPlay.Update () [0x00000] in <filename unknown>:0 
 
(Filename:  Line: -1)

0.02027339
 
(Filename: C:/buildslave/unity/build/artifacts/generated/common/runtime/UnityEngineDebugBindings.gen.cpp Line: 37)

NullReferenceException: Object reference not set to an instance of an object
  at ClickToPlay.Update () [0x00000] in <filename unknown>:0 
 
(Filename:  Line: -1)

0.02027339
 
(Filename: C:/buildslave/unity/build/artifacts/generated/common/runtime/UnityEngineDebugBindings.gen.cpp Line: 37)

NullReferenceException: Object reference not set to an instance of an object
  at ClickToPlay.Update () [0x00000] in <filename unknown>:0 
 
(Filename:  Line: -1)

0.02027339
 
(Filename: C:/buildslave/unity/build/artifacts/generated/common/runtime/UnityEngineDebugBindings.gen.cpp Line: 37)

NullReferenceException: Object reference not set to an instance of an object
  at ClickToPlay.Update () [0x00000] in <filename unknown>:0 
 
(Filename:  Line: -1)

0.02027339
 
(Filename: C:/buildslave/unity/build/artifacts/generated/common/runtime/UnityEngineDebugBindings.gen.cpp Line: 37)

NullReferenceException: Object reference not set to an instance of an object
  at ClickToPlay.Update () [0x00000] in <filename unknown>:0 
 
(Filename:  Line: -1)

0.02027339
 
(Filename: C:/buildslave/unity/build/artifacts/generated/common/runtime/UnityEngineDebugBindings.gen.cpp Line: 37)

NullReferenceException: Object reference not set to an instance of an object
  at ClickToPlay.Update () [0x00000] in <filename unknown>:0 
 
(Filename:  Line: -1)

0.02027339
 
(Filename: C:/buildslave/unity/build/artifacts/generated/common/runtime/UnityEngineDebugBindings.gen.cpp Line: 37)

NullReferenceException: Object reference not set to an instance of an object
  at ClickToPlay.Update () [0x00000] in <filename unknown>:0 
 
(Filename:  Line: -1)

0.02027339
 
(Filename: C:/buildslave/unity/build/artifacts/generated/common/runtime/UnityEngineDebugBindings.gen.cpp Line: 37)

NullReferenceException: Object reference not set to an instance of an object
  at ClickToPlay.Update () [0x00000] in <filename unknown>:0 
 
(Filename:  Line: -1)

0.02061995
 
(Filename: C:/buildslave/unity/build/artifacts/generated/common/runtime/UnityEngineDebugBindings.gen.cpp Line: 37)

NullReferenceException: Object reference not set to an instance of an object
  at ClickToPlay.Update () [0x00000] in <filename unknown>:0 
 
(Filename:  Line: -1)

0.02061995
 
(Filename: C:/buildslave/unity/build/artifacts/generated/common/runtime/UnityEngineDebugBindings.gen.cpp Line: 37)

NullReferenceException: Object reference not set to an instance of an object
  at ClickToPlay.Update () [0x00000] in <filename unknown>:0 
 
(Filename:  Line: -1)

0.02061995
 
(Filename: C:/buildslave/unity/build/artifacts/generated/common/runtime/UnityEngineDebugBindings.gen.cpp Line: 37)

NullReferenceException: Object reference not set to an instance of an object
  at ClickToPlay.Update () [0x00000] in <filename unknown>:0 
 
(Filename:  Line: -1)

0.02113978
 
(Filename: C:/buildslave/unity/build/artifacts/generated/common/runtime/UnityEngineDebugBindings.gen.cpp Line: 37)

NullReferenceException: Object reference not set to an instance of an object
  at ClickToPlay.Update () [0x00000] in <filename unknown>:0 
 
(Filename:  Line: -1)

0.02113978
 
(Filename: C:/buildslave/unity/build/artifacts/generated/common/runtime/UnityEngineDebugBindings.gen.cpp Line: 37)

NullReferenceException: Object reference not set to an instance of an object
  at ClickToPlay.Update () [0x00000] in <filename unknown>:0 
 
(Filename:  Line: -1)

0.02113978
 
(Filename: C:/buildslave/unity/build/artifacts/generated/common/runtime/UnityEngineDebugBindings.gen.cpp Line: 37)

NullReferenceException: Object reference not set to an instance of an object
  at ClickToPlay.Update () [0x00000] in <filename unknown>:0 
 
(Filename:  Line: -1)

0.02113978
 
(Filename: C:/buildslave/unity/build/artifacts/generated/common/runtime/UnityEngineDebugBindings.gen.cpp Line: 37)

NullReferenceException: Object reference not set to an instance of an object
  at ClickToPlay.Update () [0x00000] in <filename unknown>:0 
 
(Filename:  Line: -1)

0.02113978
 
(Filename: C:/buildslave/unity/build/artifacts/generated/common/runtime/UnityEngineDebugBindings.gen.cpp Line: 37)

NullReferenceException: Object reference not set to an instance of an object
  at ClickToPlay.Update () [0x00000] in <filename unknown>:0 
 
(Filename:  Line: -1)

0.02113978
 
(Filename: C:/buildslave/unity/build/artifacts/generated/common/runtime/UnityEngineDebugBindings.gen.cpp Line: 37)

NullReferenceException: Object reference not set to an instance of an object
  at ClickToPlay.Update () [0x00000] in <filename unknown>:0 
 
(Filename:  Line: -1)

0.02113978
 
(Filename: C:/buildslave/unity/build/artifacts/generated/common/runtime/UnityEngineDebugBindings.gen.cpp Line: 37)

NullReferenceException: Object reference not set to an instance of an object
  at ClickToPlay.Update () [0x00000] in <filename unknown>:0 
 
(Filename:  Line: -1)

0.02113978
 
(Filename: C:/buildslave/unity/build/artifacts/generated/common/runtime/UnityEngineDebugBindings.gen.cpp Line: 37)

NullReferenceException: Object reference not set to an instance of an object
  at ClickToPlay.Update () [0x00000] in <filename unknown>:0 
 
(Filename:  Line: -1)

0.02113978
 
(Filename: C:/buildslave/unity/build/artifacts/generated/common/runtime/UnityEngineDebugBindings.gen.cpp Line: 37)

NullReferenceException: Object reference not set to an instance of an object
  at ClickToPlay.Update () [0x00000] in <filename unknown>:0 
 
(Filename:  Line: -1)

0.02113978
 
(Filename: C:/buildslave/unity/build/artifacts/generated/common/runtime/UnityEngineDebugBindings.gen.cpp Line: 37)

NullReferenceException: Object reference not set to an instance of an object
  at ClickToPlay.Update () [0x00000] in <filename unknown>:0 
 
(Filename:  Line: -1)

0.02165961
 
(Filename: C:/buildslave/unity/build/artifacts/generated/common/runtime/UnityEngineDebugBindings.gen.cpp Line: 37)

NullReferenceException: Object reference not set to an instance of an object
  at ClickToPlay.Update () [0x00000] in <filename unknown>:0 
 
(Filename:  Line: -1)

0.02183288
 
(Filename: C:/buildslave/unity/build/artifacts/generated/common/runtime/UnityEngineDebugBindings.gen.cpp Line: 37)

NullReferenceException: Object reference not set to an instance of an object
  at ClickToPlay.Update () [0x00000] in <filename unknown>:0 
 
(Filename:  Line: -1)

0.02183288
 
(Filename: C:/buildslave/unity/build/artifacts/generated/common/runtime/UnityEngineDebugBindings.gen.cpp Line: 37)

NullReferenceException: Object reference not set to an instance of an object
  at ClickToPlay.Update () [0x00000] in <filename unknown>:0 
 
(Filename:  Line: -1)

0.02217944
 
(Filename: C:/buildslave/unity/build/artifacts/generated/common/runtime/UnityEngineDebugBindings.gen.cpp Line: 37)

NullReferenceException: Object reference not set to an instance of an object
  at ClickToPlay.Update () [0x00000] in <filename unknown>:0 
 
(Filename:  Line: -1)

0.02252599
 
(Filename: C:/buildslave/unity/build/artifacts/generated/common/runtime/UnityEngineDebugBindings.gen.cpp Line: 37)

NullReferenceException: Object reference not set to an instance of an object
  at ClickToPlay.Update () [0x00000] in <filename unknown>:0 
 
(Filename:  Line: -1)

0.02269927
 
(Filename: C:/buildslave/unity/build/artifacts/generated/common/runtime/UnityEngineDebugBindings.gen.cpp Line: 37)

NullReferenceException: Object reference not set to an instance of an object
  at ClickToPlay.Update () [0x00000] in <filename unknown>:0 
 
(Filename:  Line: -1)

0.02339238
 
(Filename: C:/buildslave/unity/build/artifacts/generated/common/runtime/UnityEngineDebugBindings.gen.cpp Line: 37)

NullReferenceException: Object reference not set to an instance of an object
  at ClickToPlay.Update () [0x00000] in <filename unknown>:0 
 
(Filename:  Line: -1)

0.1292645
 
(Filename: C:/buildslave/unity/build/artifacts/generated/common/runtime/UnityEngineDebugBindings.gen.cpp Line: 37)

NullReferenceException: Object reference not set to an instance of an object
  at ClickToPlay.Update () [0x00000] in <filename unknown>:0 
 
(Filename:  Line: -1)

0.8750481
 
(Filename: C:/buildslave/unity/build/artifacts/generated/common/runtime/UnityEngineDebugBindings.gen.cpp Line: 37)

Unloading 5 Unused Serialized files (Serialized files now loaded: 0)
NullReferenceException: Object reference not set to an instance of an object
  at ClickToPlay.Update () [0x00000] in <filename unknown>:0 
 
(Filename:  Line: -1)

0.9
 
(Filename: C:/buildslave/unity/build/artifacts/generated/common/runtime/UnityEngineDebugBindings.gen.cpp Line: 37)

NullReferenceException: Object reference not set to an instance of an object
  at ClickToPlay.Update () [0x00000] in <filename unknown>:0 
 
(Filename:  Line: -1)

0.9
 
(Filename: C:/buildslave/unity/build/artifacts/generated/common/runtime/UnityEngineDebugBindings.gen.cpp Line: 37)

UnloadTime: 6.119602 ms
Scanning - Process took 36 ms to complete
 
(Filename: C:/buildslave/unity/build/artifacts/generated/common/runtime/UnityEngineDebugBindings.gen.cpp Line: 37)


Unloading 4 unused Assets to reduce memory usage. Loaded Objects now: 16794.
Total: 9.403212 ms (FindLiveObjects: 0.882424 ms CreateObjectMapping: 0.712929 ms MarkObjects: 7.774658 ms  DeleteObjects: 0.032035 ms)

Scanning - Process took 29 ms to complete
 
(Filename: C:/buildslave/unity/build/artifacts/generated/common/runtime/UnityEngineDebugBindings.gen.cpp Line: 37)

Path Completed : Computation Time 4.00 ms Searched Nodes 210 Path Length 48
Path Number 1
 
(Filename: C:/buildslave/unity/build/artifacts/generated/common/runtime/UnityEngineDebugBindings.gen.cpp Line: 37)

Path Completed : Computation Time 0.00 ms Searched Nodes 24 Path Length 24
Path Number 2
 
(Filename: C:/buildslave/unity/build/artifacts/generated/common/runtime/UnityEngineDebugBindings.gen.cpp Line: 37)

Path Completed : Computation Time 1.00 ms Searched Nodes 1957 Path Length 115
Path Number 3
 
(Filename: C:/buildslave/unity/build/artifacts/generated/common/runtime/UnityEngineDebugBindings.gen.cpp Line: 37)

Path Completed : Computation Time 0.00 ms Searched Nodes 81 Path Length 26
Path Number 4
 
(Filename: C:/buildslave/unity/build/artifacts/generated/common/runtime/UnityEngineDebugBindings.gen.cpp Line: 37)

Path Completed : Computation Time 0.00 ms Searched Nodes 388 Path Length 103
Path Number 5
 
(Filename: C:/buildslave/unity/build/artifacts/generated/common/runtime/UnityEngineDebugBindings.gen.cpp Line: 37)

Path Completed : Computation Time 1.00 ms Searched Nodes 314 Path Length 56
Path Number 6
 
(Filename: C:/buildslave/unity/build/artifacts/generated/common/runtime/UnityEngineDebugBindings.gen.cpp Line: 37)

Path Completed : Computation Time 0.00 ms Searched Nodes 469 Path Length 81
Path Number 7
 
(Filename: C:/buildslave/unity/build/artifacts/generated/common/runtime/UnityEngineDebugBindings.gen.cpp Line: 37)

Path Completed : Computation Time 0.00 ms Searched Nodes 637 Path Length 85
Path Number 8
 
(Filename: C:/buildslave/unity/build/artifacts/generated/common/runtime/UnityEngineDebugBindings.gen.cpp Line: 37)

Path Completed : Computation Time 0.00 ms Searched Nodes 763 Path Length 95
Path Number 9
 
(Filename: C:/buildslave/unity/build/artifacts/generated/common/runtime/UnityEngineDebugBindings.gen.cpp Line: 37)

Path Completed : Computation Time 1.00 ms Searched Nodes 1873 Path Length 119
Path Number 10
 
(Filename: C:/buildslave/unity/build/artifacts/generated/common/runtime/UnityEngineDebugBindings.gen.cpp Line: 37)

Path Completed : Computation Time 4.00 ms Searched Nodes 2886 Path Length 169
Path Number 11
 
(Filename: C:/buildslave/unity/build/artifacts/generated/common/runtime/UnityEngineDebugBindings.gen.cpp Line: 37)

Path Completed : Computation Time 1.00 ms Searched Nodes 2759 Path Length 179
Path Number 12
 
(Filename: C:/buildslave/unity/build/artifacts/generated/common/runtime/UnityEngineDebugBindings.gen.cpp Line: 37)

Path Completed : Computation Time 0.00 ms Searched Nodes 0 Path Length 1
Path Number 14
 
(Filename: C:/buildslave/unity/build/artifacts/generated/common/runtime/UnityEngineDebugBindings.gen.cpp Line: 37)

Path Completed : Computation Time 0.00 ms Searched Nodes 0 Path Length 1
Path Number 16
 
(Filename: C:/buildslave/unity/build/artifacts/generated/common/runtime/UnityEngineDebugBindings.gen.cpp Line: 37)

Path Completed : Computation Time 0.00 ms Searched Nodes 0 Path Length 1
Path Number 18
 
(Filename: C:/buildslave/unity/build/artifacts/generated/common/runtime/UnityEngineDebugBindings.gen.cpp Line: 37)

Path Completed : Computation Time 0.00 ms Searched Nodes 0 Path Length 1
Path Number 20
 
(Filename: C:/buildslave/unity/build/artifacts/generated/common/runtime/UnityEngineDebugBindings.gen.cpp Line: 37)

Path Completed : Computation Time 0.00 ms Searched Nodes 0 Path Length 1
Path Number 22
 
(Filename: C:/buildslave/unity/build/artifacts/generated/common/runtime/UnityEngineDebugBindings.gen.cpp Line: 37)

Path Completed : Computation Time 0.00 ms Searched Nodes 0 Path Length 1
Path Number 24
 
(Filename: C:/buildslave/unity/build/artifacts/generated/common/runtime/UnityEngineDebugBindings.gen.cpp Line: 37)

Enemy 11 checked if they were an IDIOT, and they were!
 
(Filename: C:/buildslave/unity/build/artifacts/generated/common/runtime/UnityEngineDebugBindings.gen.cpp Line: 37)

Path Completed : Computation Time 1.00 ms Searched Nodes 730 Path Length 128
Path Number 25
 
(Filename: C:/buildslave/unity/build/artifacts/generated/common/runtime/UnityEngineDebugBindings.gen.cpp Line: 37)

Enemy 11 checked if they were an IDIOT, and they were!
 
(Filename: C:/buildslave/unity/build/artifacts/generated/common/runtime/UnityEngineDebugBindings.gen.cpp Line: 37)

Path Completed : Computation Time 1.00 ms Searched Nodes 326 Path Length 48
Path Number 26
 
(Filename: C:/buildslave/unity/build/artifacts/generated/common/runtime/UnityEngineDebugBindings.gen.cpp Line: 37)

Path Completed : Computation Time 0.00 ms Searched Nodes 23 Path Length 13
Path Number 27
 
(Filename: C:/buildslave/unity/build/artifacts/generated/common/runtime/UnityEngineDebugBindings.gen.cpp Line: 37)

Enemy 4 checked if they were an IDIOT, and they were!
 
(Filename: C:/buildslave/unity/build/artifacts/generated/common/runtime/UnityEngineDebugBindings.gen.cpp Line: 37)

Enemy 11 checked if they were an IDIOT, and they were!
 
(Filename: C:/buildslave/unity/build/artifacts/generated/common/runtime/UnityEngineDebugBindings.gen.cpp Line: 37)

Path Completed : Computation Time 0.00 ms Searched Nodes 858 Path Length 63
Path Number 28
 
(Filename: C:/buildslave/unity/build/artifacts/generated/common/runtime/UnityEngineDebugBindings.gen.cpp Line: 37)

Path Completed : Computation Time 0.00 ms Searched Nodes 22 Path Length 20
Path Number 29
 
(Filename: C:/buildslave/unity/build/artifacts/generated/common/runtime/UnityEngineDebugBindings.gen.cpp Line: 37)

Path Completed : Computation Time 3.00 ms Searched Nodes 2311 Path Length 137
Path Number 30
 
(Filename: C:/buildslave/unity/build/artifacts/generated/common/runtime/UnityEngineDebugBindings.gen.cpp Line: 37)

Enemy 11 checked if they were an IDIOT, and they were!
 
(Filename: C:/buildslave/unity/build/artifacts/generated/common/runtime/UnityEngineDebugBindings.gen.cpp Line: 37)

Path Completed : Computation Time 1.00 ms Searched Nodes 902 Path Length 99
Path Number 31
 
(Filename: C:/buildslave/unity/build/artifacts/generated/common/runtime/UnityEngineDebugBindings.gen.cpp Line: 37)

Enemy 11 checked if they were an IDIOT, and they were!
 
(Filename: C:/buildslave/unity/build/artifacts/generated/common/runtime/UnityEngineDebugBindings.gen.cpp Line: 37)

Path Completed : Computation Time 1.00 ms Searched Nodes 194 Path Length 60
Path Number 32
 
(Filename: C:/buildslave/unity/build/artifacts/generated/common/runtime/UnityEngineDebugBindings.gen.cpp Line: 37)

Path Completed : Computation Time 1.00 ms Searched Nodes 1437 Path Length 123
Path Number 33
 
(Filename: C:/buildslave/unity/build/artifacts/generated/common/runtime/UnityEngineDebugBindings.gen.cpp Line: 37)

Enemy 11 checked if they were an IDIOT, and they were!
 
(Filename: C:/buildslave/unity/build/artifacts/generated/common/runtime/UnityEngineDebugBindings.gen.cpp Line: 37)

Path Completed : Computation Time 2.00 ms Searched Nodes 1892 Path Length 139
Path Number 34
 
(Filename: C:/buildslave/unity/build/artifacts/generated/common/runtime/UnityEngineDebugBindings.gen.cpp Line: 37)

Enemy 11 checked if they were an IDIOT, and they were!
 
(Filename: C:/buildslave/unity/build/artifacts/generated/common/runtime/UnityEngineDebugBindings.gen.cpp Line: 37)

Path Completed : Computation Time 0.00 ms Searched Nodes 320 Path Length 43
Path Number 35
 
(Filename: C:/buildslave/unity/build/artifacts/generated/common/runtime/UnityEngineDebugBindings.gen.cpp Line: 37)

Enemy 11 checked if they were an IDIOT, and they were!
 
(Filename: C:/buildslave/unity/build/artifacts/generated/common/runtime/UnityEngineDebugBindings.gen.cpp Line: 37)

Path Completed : Computation Time 0.00 ms Searched Nodes 43 Path Length 39
Path Number 36
 
(Filename: C:/buildslave/unity/build/artifacts/generated/common/runtime/UnityEngineDebugBindings.gen.cpp Line: 37)

Enemy 11 checked if they were an IDIOT, and they were!
 
(Filename: C:/buildslave/unity/build/artifacts/generated/common/runtime/UnityEngineDebugBindings.gen.cpp Line: 37)

Path Completed : Computation Time 1.00 ms Searched Nodes 730 Path Length 128
Path Number 37
 
(Filename: C:/buildslave/unity/build/artifacts/generated/common/runtime/UnityEngineDebugBindings.gen.cpp Line: 37)

Path Completed : Computation Time 0.00 ms Searched Nodes 433 Path Length 70
Path Number 38
 
(Filename: C:/buildslave/unity/build/artifacts/generated/common/runtime/UnityEngineDebugBindings.gen.cpp Line: 37)

Path Completed : Computation Time 0.00 ms Searched Nodes 1817 Path Length 118
Path Number 39
 
(Filename: C:/buildslave/unity/build/artifacts/generated/common/runtime/UnityEngineDebugBindings.gen.cpp Line: 37)

Enemy 11 checked if they were an IDIOT, and they were!
 
(Filename: C:/buildslave/unity/build/artifacts/generated/common/runtime/UnityEngineDebugBindings.gen.cpp Line: 37)

Path Completed : Computation Time 2.00 ms Searched Nodes 1899 Path Length 115
Path Number 40
 
(Filename: C:/buildslave/unity/build/artifacts/generated/common/runtime/UnityEngineDebugBindings.gen.cpp Line: 37)

Path Completed : Computation Time 0.00 ms Searched Nodes 5 Path Length 5
Path Number 41
 
(Filename: C:/buildslave/unity/build/artifacts/generated/common/runtime/UnityEngineDebugBindings.gen.cpp Line: 37)

Enemy 11 checked if they were an IDIOT, and they were!
 
(Filename: C:/buildslave/unity/build/artifacts/generated/common/runtime/UnityEngineDebugBindings.gen.cpp Line: 37)

Path Completed : Computation Time 0.00 ms Searched Nodes 586 Path Length 121
Path Number 42
 
(Filename: C:/buildslave/unity/build/artifacts/generated/common/runtime/UnityEngineDebugBindings.gen.cpp Line: 37)

Path Completed : Computation Time 0.00 ms Searched Nodes 130 Path Length 63
Path Number 43
 
(Filename: C:/buildslave/unity/build/artifacts/generated/common/runtime/UnityEngineDebugBindings.gen.cpp Line: 37)

Path Completed : Computation Time 1.00 ms Searched Nodes 595 Path Length 111
Path Number 44
 
(Filename: C:/buildslave/unity/build/artifacts/generated/common/runtime/UnityEngineDebugBindings.gen.cpp Line: 37)

Enemy 11 checked if they were an IDIOT, and they were!
 
(Filename: C:/buildslave/unity/build/artifacts/generated/common/runtime/UnityEngineDebugBindings.gen.cpp Line: 37)

Path Completed : Computation Time 1.00 ms Searched Nodes 2123 Path Length 154
Path Number 45
 
(Filename: C:/buildslave/unity/build/artifacts/generated/common/runtime/UnityEngineDebugBindings.gen.cpp Line: 37)

Path Completed : Computation Time 0.00 ms Searched Nodes 15 Path Length 10
Path Number 46
 
(Filename: C:/buildslave/unity/build/artifacts/generated/common/runtime/UnityEngineDebugBindings.gen.cpp Line: 37)

Enemy 11 checked if they were an IDIOT, and they were!
 
(Filename: C:/buildslave/unity/build/artifacts/generated/common/runtime/UnityEngineDebugBindings.gen.cpp Line: 37)

Path Completed : Computation Time 0.00 ms Searched Nodes 130 Path Length 30
Path Number 47
 
(Filename: C:/buildslave/unity/build/artifacts/generated/common/runtime/UnityEngineDebugBindings.gen.cpp Line: 37)

Path Completed : Computation Time 0.00 ms Searched Nodes 0 Path Length 1
Path Number 49
 
(Filename: C:/buildslave/unity/build/artifacts/generated/common/runtime/UnityEngineDebugBindings.gen.cpp Line: 37)

Path Completed : Computation Time 1.00 ms Searched Nodes 0 Path Length 1
Path Number 51
 
(Filename: C:/buildslave/unity/build/artifacts/generated/common/runtime/UnityEngineDebugBindings.gen.cpp Line: 37)

Path Completed : Computation Time 0.00 ms Searched Nodes 0 Path Length 1
Path Number 53
 
(Filename: C:/buildslave/unity/build/artifacts/generated/common/runtime/UnityEngineDebugBindings.gen.cpp Line: 37)

Path Completed : Computation Time 0.00 ms Searched Nodes 0 Path Length 1
Path Number 55
 
(Filename: C:/buildslave/unity/build/artifacts/generated/common/runtime/UnityEngineDebugBindings.gen.cpp Line: 37)

Path Completed : Computation Time 0.00 ms Searched Nodes 0 Path Length 1
Path Number 57
 
(Filename: C:/buildslave/unity/build/artifacts/generated/common/runtime/UnityEngineDebugBindings.gen.cpp Line: 37)

Path Completed : Computation Time 1.00 ms Searched Nodes 0 Path Length 1
Path Number 59
 
(Filename: C:/buildslave/unity/build/artifacts/generated/common/runtime/UnityEngineDebugBindings.gen.cpp Line: 37)

Path Completed : Computation Time 0.00 ms Searched Nodes 0 Path Length 1
Path Number 61
 
(Filename: C:/buildslave/unity/build/artifacts/generated/common/runtime/UnityEngineDebugBindings.gen.cpp Line: 37)

Path Completed : Computation Time 1.00 ms Searched Nodes 0 Path Length 1
Path Number 63
 
(Filename: C:/buildslave/unity/build/artifacts/generated/common/runtime/UnityEngineDebugBindings.gen.cpp Line: 37)

Path Completed : Computation Time 0.00 ms Searched Nodes 10 Path Length 10
Path Number 64
 
(Filename: C:/buildslave/unity/build/artifacts/generated/common/runtime/UnityEngineDebugBindings.gen.cpp Line: 37)

Path Completed : Computation Time 0.00 ms Searched Nodes 0 Path Length 1
Path Number 66
 
(Filename: C:/buildslave/unity/build/artifacts/generated/common/runtime/UnityEngineDebugBindings.gen.cpp Line: 37)

Path Completed : Computation Time 0.00 ms Searched Nodes 0 Path Length 1
Path Number 68
 
(Filename: C:/buildslave/unity/build/artifacts/generated/common/runtime/UnityEngineDebugBindings.gen.cpp Line: 37)

Path Completed : Computation Time 0.00 ms Searched Nodes 0 Path Length 1
Path Number 70
 
(Filename: C:/buildslave/unity/build/artifacts/generated/common/runtime/UnityEngineDebugBindings.gen.cpp Line: 37)

Path Completed : Computation Time 0.00 ms Searched Nodes 0 Path Length 1
Path Number 72
 
(Filename: C:/buildslave/unity/build/artifacts/generated/common/runtime/UnityEngineDebugBindings.gen.cpp Line: 37)

Path Completed : Computation Time 0.00 ms Searched Nodes 0 Path Length 1
Path Number 74
 
(Filename: C:/buildslave/unity/build/artifacts/generated/common/runtime/UnityEngineDebugBindings.gen.cpp Line: 37)

Path Completed : Computation Time 0.00 ms Searched Nodes 0 Path Length 1
Path Number 76
 
(Filename: C:/buildslave/unity/build/artifacts/generated/common/runtime/UnityEngineDebugBindings.gen.cpp Line: 37)

Path Completed : Computation Time 0.00 ms Searched Nodes 0 Path Length 1
Path Number 78
 
(Filename: C:/buildslave/unity/build/artifacts/generated/common/runtime/UnityEngineDebugBindings.gen.cpp Line: 37)

Path Completed : Computation Time 0.00 ms Searched Nodes 0 Path Length 1
Path Number 80
 
(Filename: C:/buildslave/unity/build/artifacts/generated/common/runtime/UnityEngineDebugBindings.gen.cpp Line: 37)

Path Completed : Computation Time 0.00 ms Searched Nodes 0 Path Length 1
Path Number 82
 
(Filename: C:/buildslave/unity/build/artifacts/generated/common/runtime/UnityEngineDebugBindings.gen.cpp Line: 37)

Path Completed : Computation Time 0.00 ms Searched Nodes 0 Path Length 1
Path Number 84
 
(Filename: C:/buildslave/unity/build/artifacts/generated/common/runtime/UnityEngineDebugBindings.gen.cpp Line: 37)

Path Completed : Computation Time 0.00 ms Searched Nodes 0 Path Length 1
Path Number 86
 
(Filename: C:/buildslave/unity/build/artifacts/generated/common/runtime/UnityEngineDebugBindings.gen.cpp Line: 37)

Path Completed : Computation Time 0.00 ms Searched Nodes 0 Path Length 1
Path Number 88
 
(Filename: C:/buildslave/unity/build/artifacts/generated/common/runtime/UnityEngineDebugBindings.gen.cpp Line: 37)

Path Completed : Computation Time 0.00 ms Searched Nodes 6 Path Length 6
Path Number 89
 
(Filename: C:/buildslave/unity/build/artifacts/generated/common/runtime/UnityEngineDebugBindings.gen.cpp Line: 37)

Path Completed : Computation Time 0.00 ms Searched Nodes 0 Path Length 1
Path Number 91
 
(Filename: C:/buildslave/unity/build/artifacts/generated/common/runtime/UnityEngineDebugBindings.gen.cpp Line: 37)

Path Completed : Computation Time 0.00 ms Searched Nodes 0 Path Length 1
Path Number 93
 
(Filename: C:/buildslave/unity/build/artifacts/generated/common/runtime/UnityEngineDebugBindings.gen.cpp Line: 37)

Path Completed : Computation Time 0.00 ms Searched Nodes 0 Path Length 1
Path Number 95
 
(Filename: C:/buildslave/unity/build/artifacts/generated/common/runtime/UnityEngineDebugBindings.gen.cpp Line: 37)

Path Completed : Computation Time 0.00 ms Searched Nodes 0 Path Length 1
Path Number 97
 
(Filename: C:/buildslave/unity/build/artifacts/generated/common/runtime/UnityEngineDebugBindings.gen.cpp Line: 37)

Path Completed : Computation Time 0.00 ms Searched Nodes 0 Path Length 1
Path Number 99
 
(Filename: C:/buildslave/unity/build/artifacts/generated/common/runtime/UnityEngineDebugBindings.gen.cpp Line: 37)

Path Completed : Computation Time 0.00 ms Searched Nodes 0 Path Length 1
Path Number 101
 
(Filename: C:/buildslave/unity/build/artifacts/generated/common/runtime/UnityEngineDebugBindings.gen.cpp Line: 37)

Path Completed : Computation Time 0.00 ms Searched Nodes 0 Path Length 1
Path Number 103
 
(Filename: C:/buildslave/unity/build/artifacts/generated/common/runtime/UnityEngineDebugBindings.gen.cpp Line: 37)

Path Completed : Computation Time 0.00 ms Searched Nodes 0 Path Length 1
Path Number 105
 
(Filename: C:/buildslave/unity/build/artifacts/generated/common/runtime/UnityEngineDebugBindings.gen.cpp Line: 37)

Path Completed : Computation Time 0.00 ms Searched Nodes 0 Path Length 1
Path Number 107
 
(Filename: C:/buildslave/unity/build/artifacts/generated/common/runtime/UnityEngineDebugBindings.gen.cpp Line: 37)

Path Completed : Computation Time 0.00 ms Searched Nodes 0 Path Length 1
Path Number 109
 
(Filename: C:/buildslave/unity/build/artifacts/generated/common/runtime/UnityEngineDebugBindings.gen.cpp Line: 37)

Path Completed : Computation Time 1.00 ms Searched Nodes 0 Path Length 1
Path Number 111
 
(Filename: C:/buildslave/unity/build/artifacts/generated/common/runtime/UnityEngineDebugBindings.gen.cpp Line: 37)

Path Completed : Computation Time 0.00 ms Searched Nodes 0 Path Length 1
Path Number 113
 
(Filename: C:/buildslave/unity/build/artifacts/generated/common/runtime/UnityEngineDebugBindings.gen.cpp Line: 37)

Path Completed : Computation Time 0.00 ms Searched Nodes 0 Path Length 1
Path Number 115
 
(Filename: C:/buildslave/unity/build/artifacts/generated/common/runtime/UnityEngineDebugBindings.gen.cpp Line: 37)

Path Completed : Computation Time 0.00 ms Searched Nodes 0 Path Length 1
Path Number 117
 
(Filename: C:/buildslave/unity/build/artifacts/generated/common/runtime/UnityEngineDebugBindings.gen.cpp Line: 37)

Path Completed : Computation Time 0.00 ms Searched Nodes 0 Path Length 1
Path Number 119
 
(Filename: C:/buildslave/unity/build/artifacts/generated/common/runtime/UnityEngineDebugBindings.gen.cpp Line: 37)

Path Completed : Computation Time 0.00 ms Searched Nodes 0 Path Length 1
Path Number 121
 
(Filename: C:/buildslave/unity/build/artifacts/generated/common/runtime/UnityEngineDebugBindings.gen.cpp Line: 37)

Path Completed : Computation Time 0.00 ms Searched Nodes 0 Path Length 1
Path Number 123
 
(Filename: C:/buildslave/unity/build/artifacts/generated/common/runtime/UnityEngineDebugBindings.gen.cpp Line: 37)

Path Completed : Computation Time 0.00 ms Searched Nodes 0 Path Length 1
Path Number 125
 
(Filename: C:/buildslave/unity/build/artifacts/generated/common/runtime/UnityEngineDebugBindings.gen.cpp Line: 37)

Path Completed : Computation Time 0.00 ms Searched Nodes 0 Path Length 1
Path Number 127
 
(Filename: C:/buildslave/unity/build/artifacts/generated/common/runtime/UnityEngineDebugBindings.gen.cpp Line: 37)

Path Completed : Computation Time 0.00 ms Searched Nodes 0 Path Length 1
Path Number 129
 
(Filename: C:/buildslave/unity/build/artifacts/generated/common/runtime/UnityEngineDebugBindings.gen.cpp Line: 37)

Path Completed : Computation Time 0.00 ms Searched Nodes 0 Path Length 1
Path Number 131
 
(Filename: C:/buildslave/unity/build/artifacts/generated/common/runtime/UnityEngineDebugBindings.gen.cpp Line: 37)

Path Completed : Computation Time 0.00 ms Searched Nodes 0 Path Length 1
Path Number 133
 
(Filename: C:/buildslave/unity/build/artifacts/generated/common/runtime/UnityEngineDebugBindings.gen.cpp Line: 37)

Path Completed : Computation Time 0.00 ms Searched Nodes 6 Path Length 6
Path Number 134
 
(Filename: C:/buildslave/unity/build/artifacts/generated/common/runtime/UnityEngineDebugBindings.gen.cpp Line: 37)

Path Completed : Computation Time 0.00 ms Searched Nodes 0 Path Length 1
Path Number 136
 
(Filename: C:/buildslave/unity/build/artifacts/generated/common/runtime/UnityEngineDebugBindings.gen.cpp Line: 37)

Path Completed : Computation Time 0.00 ms Searched Nodes 0 Path Length 1
Path Number 138
 
(Filename: C:/buildslave/unity/build/artifacts/generated/common/runtime/UnityEngineDebugBindings.gen.cpp Line: 37)

Path Completed : Computation Time 0.00 ms Searched Nodes 0 Path Length 1
Path Number 140
 
(Filename: C:/buildslave/unity/build/artifacts/generated/common/runtime/UnityEngineDebugBindings.gen.cpp Line: 37)

Path Completed : Computation Time 0.00 ms Searched Nodes 0 Path Length 1
Path Number 142
 
(Filename: C:/buildslave/unity/build/artifacts/generated/common/runtime/UnityEngineDebugBindings.gen.cpp Line: 37)

Path Completed : Computation Time 0.00 ms Searched Nodes 0 Path Length 1
Path Number 144
 
(Filename: C:/buildslave/unity/build/artifacts/generated/common/runtime/UnityEngineDebugBindings.gen.cpp Line: 37)

Path Completed : Computation Time 0.00 ms Searched Nodes 0 Path Length 1
Path Number 146
 
(Filename: C:/buildslave/unity/build/artifacts/generated/common/runtime/UnityEngineDebugBindings.gen.cpp Line: 37)

Path Completed : Computation Time 0.00 ms Searched Nodes 0 Path Length 1
Path Number 148
 
(Filename: C:/buildslave/unity/build/artifacts/generated/common/runtime/UnityEngineDebugBindings.gen.cpp Line: 37)

Path Completed : Computation Time 0.00 ms Searched Nodes 0 Path Length 1
Path Number 150
 
(Filename: C:/buildslave/unity/build/artifacts/generated/common/runtime/UnityEngineDebugBindings.gen.cpp Line: 37)

Path Completed : Computation Time 0.00 ms Searched Nodes 0 Path Length 1
Path Number 152
 
(Filename: C:/buildslave/unity/build/artifacts/generated/common/runtime/UnityEngineDebugBindings.gen.cpp Line: 37)

Path Completed : Computation Time 0.00 ms Searched Nodes 0 Path Length 1
Path Number 154
 
(Filename: C:/buildslave/unity/build/artifacts/generated/common/runtime/UnityEngineDebugBindings.gen.cpp Line: 37)

Path Completed : Computation Time 0.00 ms Searched Nodes 0 Path Length 1
Path Number 156
 
(Filename: C:/buildslave/unity/build/artifacts/generated/common/runtime/UnityEngineDebugBindings.gen.cpp Line: 37)

Path Completed : Computation Time 0.00 ms Searched Nodes 0 Path Length 1
Path Number 158
 
(Filename: C:/buildslave/unity/build/artifacts/generated/common/runtime/UnityEngineDebugBindings.gen.cpp Line: 37)

Path Completed : Computation Time 0.00 ms Searched Nodes 0 Path Length 1
Path Number 160
 
(Filename: C:/buildslave/unity/build/artifacts/generated/common/runtime/UnityEngineDebugBindings.gen.cpp Line: 37)

Path Completed : Computation Time 0.00 ms Searched Nodes 0 Path Length 1
Path Number 162
 
(Filename: C:/buildslave/unity/build/artifacts/generated/common/runtime/UnityEngineDebugBindings.gen.cpp Line: 37)

Path Completed : Computation Time 1.00 ms Searched Nodes 0 Path Length 1
Path Number 164
 
(Filename: C:/buildslave/unity/build/artifacts/generated/common/runtime/UnityEngineDebugBindings.gen.cpp Line: 37)

Path Completed : Computation Time 0.00 ms Searched Nodes 0 Path Length 1
Path Number 166
 
(Filename: C:/buildslave/unity/build/artifacts/generated/common/runtime/UnityEngineDebugBindings.gen.cpp Line: 37)

Path Completed : Computation Time 1.00 ms Searched Nodes 0 Path Length 1
Path Number 168
 
(Filename: C:/buildslave/unity/build/artifacts/generated/common/runtime/UnityEngineDebugBindings.gen.cpp Line: 37)

Path Completed : Computation Time 0.00 ms Searched Nodes 0 Path Length 1
Path Number 170
 
(Filename: C:/buildslave/unity/build/artifacts/generated/common/runtime/UnityEngineDebugBindings.gen.cpp Line: 37)

Path Completed : Computation Time 0.00 ms Searched Nodes 0 Path Length 1
Path Number 172
 
(Filename: C:/buildslave/unity/build/artifacts/generated/common/runtime/UnityEngineDebugBindings.gen.cpp Line: 37)

Path Completed : Computation Time 0.00 ms Searched Nodes 0 Path Length 1
Path Number 174
 
(Filename: C:/buildslave/unity/build/artifacts/generated/common/runtime/UnityEngineDebugBindings.gen.cpp Line: 37)

Enemy 11 checked if they were an IDIOT, and they were!
 
(Filename: C:/buildslave/unity/build/artifacts/generated/common/runtime/UnityEngineDebugBindings.gen.cpp Line: 37)

Path Completed : Computation Time 0.00 ms Searched Nodes 42 Path Length 28
Path Number 175
 
(Filename: C:/buildslave/unity/build/artifacts/generated/common/runtime/UnityEngineDebugBindings.gen.cpp Line: 37)

Path Completed : Computation Time 0.00 ms Searched Nodes 195 Path Length 40
Path Number 176
 
(Filename: C:/buildslave/unity/build/artifacts/generated/common/runtime/UnityEngineDebugBindings.gen.cpp Line: 37)

Path Completed : Computation Time 0.00 ms Searched Nodes 532 Path Length 65
Path Number 177
 
(Filename: C:/buildslave/unity/build/artifacts/generated/common/runtime/UnityEngineDebugBindings.gen.cpp Line: 37)

Enemy 11 checked if they were an IDIOT, and they were!
 
(Filename: C:/buildslave/unity/build/artifacts/generated/common/runtime/UnityEngineDebugBindings.gen.cpp Line: 37)

Path Completed : Computation Time 2.00 ms Searched Nodes 1869 Path Length 118
Path Number 178
 
(Filename: C:/buildslave/unity/build/artifacts/generated/common/runtime/UnityEngineDebugBindings.gen.cpp Line: 37)

Path Completed : Computation Time 0.00 ms Searched Nodes 43 Path Length 14
Path Number 179
 
(Filename: C:/buildslave/unity/build/artifacts/generated/common/runtime/UnityEngineDebugBindings.gen.cpp Line: 37)

Path Completed : Computation Time 0.00 ms Searched Nodes 23 Path Length 15
Path Number 180
 
(Filename: C:/buildslave/unity/build/artifacts/generated/common/runtime/UnityEngineDebugBindings.gen.cpp Line: 37)

Enemy 11 checked if they were an IDIOT, and they were!
 
(Filename: C:/buildslave/unity/build/artifacts/generated/common/runtime/UnityEngineDebugBindings.gen.cpp Line: 37)

Path Completed : Computation Time 1.00 ms Searched Nodes 730 Path Length 128
Path Number 181
 
(Filename: C:/buildslave/unity/build/artifacts/generated/common/runtime/UnityEngineDebugBindings.gen.cpp Line: 37)

Path Completed : Computation Time 0.00 ms Searched Nodes 13 Path Length 13
Path Number 182
 
(Filename: C:/buildslave/unity/build/artifacts/generated/common/runtime/UnityEngineDebugBindings.gen.cpp Line: 37)

Path Completed : Computation Time 0.00 ms Searched Nodes 14 Path Length 14
Path Number 183
 
(Filename: C:/buildslave/unity/build/artifacts/generated/common/runtime/UnityEngineDebugBindings.gen.cpp Line: 37)

Path Completed : Computation Time 0.00 ms Searched Nodes 9 Path Length 9
Path Number 184
 
(Filename: C:/buildslave/unity/build/artifacts/generated/common/runtime/UnityEngineDebugBindings.gen.cpp Line: 37)

Path Completed : Computation Time 0.00 ms Searched Nodes 10 Path Length 10
Path Number 185
 
(Filename: C:/buildslave/unity/build/artifacts/generated/common/runtime/UnityEngineDebugBindings.gen.cpp Line: 37)

Path Completed : Computation Time 0.00 ms Searched Nodes 5 Path Length 5
Path Number 186
 
(Filename: C:/buildslave/unity/build/artifacts/generated/common/runtime/UnityEngineDebugBindings.gen.cpp Line: 37)

Path Completed : Computation Time 0.00 ms Searched Nodes 0 Path Length 1
Path Number 188
 
(Filename: C:/buildslave/unity/build/artifacts/generated/common/runtime/UnityEngineDebugBindings.gen.cpp Line: 37)

Path Completed : Computation Time 0.00 ms Searched Nodes 0 Path Length 1
Path Number 190
 
(Filename: C:/buildslave/unity/build/artifacts/generated/common/runtime/UnityEngineDebugBindings.gen.cpp Line: 37)

Path Completed : Computation Time 0.00 ms Searched Nodes 0 Path Length 1
Path Number 192
 
(Filename: C:/buildslave/unity/build/artifacts/generated/common/runtime/UnityEngineDebugBindings.gen.cpp Line: 37)

Path Completed : Computation Time 0.00 ms Searched Nodes 0 Path Length 1
Path Number 194
 
(Filename: C:/buildslave/unity/build/artifacts/generated/common/runtime/UnityEngineDebugBindings.gen.cpp Line: 37)

Path Completed : Computation Time 0.00 ms Searched Nodes 14 Path Length 11
Path Number 195
 
(Filename: C:/buildslave/unity/build/artifacts/generated/common/runtime/UnityEngineDebugBindings.gen.cpp Line: 37)

Path Completed : Computation Time 0.00 ms Searched Nodes 11 Path Length 11
Path Number 196
 
(Filename: C:/buildslave/unity/build/artifacts/generated/common/runtime/UnityEngineDebugBindings.gen.cpp Line: 37)

Path Completed : Computation Time 0.00 ms Searched Nodes 6 Path Length 6
Path Number 197
 
(Filename: C:/buildslave/unity/build/artifacts/generated/common/runtime/UnityEngineDebugBindings.gen.cpp Line: 37)

Path Completed : Computation Time 0.00 ms Searched Nodes 7 Path Length 7
Path Number 198
 
(Filename: C:/buildslave/unity/build/artifacts/generated/common/runtime/UnityEngineDebugBindings.gen.cpp Line: 37)

Path Completed : Computation Time 0.00 ms Searched Nodes 4 Path Length 4
Path Number 199
 
(Filename: C:/buildslave/unity/build/artifacts/generated/common/runtime/UnityEngineDebugBindings.gen.cpp Line: 37)

Path Completed : Computation Time 0.00 ms Searched Nodes 8 Path Length 8
Path Number 200
 
(Filename: C:/buildslave/unity/build/artifacts/generated/common/runtime/UnityEngineDebugBindings.gen.cpp Line: 37)

Path Completed : Computation Time 0.00 ms Searched Nodes 8 Path Length 8
Path Number 201
 
(Filename: C:/buildslave/unity/build/artifacts/generated/common/runtime/UnityEngineDebugBindings.gen.cpp Line: 37)

Path Completed : Computation Time 0.00 ms Searched Nodes 7 Path Length 4
Path Number 202
 
(Filename: C:/buildslave/unity/build/artifacts/generated/common/runtime/UnityEngineDebugBindings.gen.cpp Line: 37)

Path Completed : Computation Time 0.00 ms Searched Nodes 10 Path Length 5
Path Number 203
 
(Filename: C:/buildslave/unity/build/artifacts/generated/common/runtime/UnityEngineDebugBindings.gen.cpp Line: 37)

Path Completed : Computation Time 0.00 ms Searched Nodes 7 Path Length 6
Path Number 204
 
(Filename: C:/buildslave/unity/build/artifacts/generated/common/runtime/UnityEngineDebugBindings.gen.cpp Line: 37)

Path Completed : Computation Time 0.00 ms Searched Nodes 7 Path Length 6
Path Number 205
 
(Filename: C:/buildslave/unity/build/artifacts/generated/common/runtime/UnityEngineDebugBindings.gen.cpp Line: 37)

Enemy 11 checked if they were an IDIOT, and they were!
 
(Filename: C:/buildslave/unity/build/artifacts/generated/common/runtime/UnityEngineDebugBindings.gen.cpp Line: 37)

Path Completed : Computation Time 0.00 ms Searched Nodes 320 Path Length 43
Path Number 206
 
(Filename: C:/buildslave/unity/build/artifacts/generated/common/runtime/UnityEngineDebugBindings.gen.cpp Line: 37)

Path Completed : Computation Time 0.00 ms Searched Nodes 0 Path Length 1
Path Number 208
 
(Filename: C:/buildslave/unity/build/artifacts/generated/common/runtime/UnityEngineDebugBindings.gen.cpp Line: 37)

Path Completed : Computation Time 1.00 ms Searched Nodes 0 Path Length 1
Path Number 210
 
(Filename: C:/buildslave/unity/build/artifacts/generated/common/runtime/UnityEngineDebugBindings.gen.cpp Line: 37)

Enemy 11 checked if they were an IDIOT, and they were!
 
(Filename: C:/buildslave/unity/build/artifacts/generated/common/runtime/UnityEngineDebugBindings.gen.cpp Line: 37)

Path Completed : Computation Time 1.00 ms Searched Nodes 730 Path Length 128
Path Number 211
 
(Filename: C:/buildslave/unity/build/artifacts/generated/common/runtime/UnityEngineDebugBindings.gen.cpp Line: 37)

Path Completed : Computation Time 0.00 ms Searched Nodes 0 Path Length 1
Path Number 213
 
(Filename: C:/buildslave/unity/build/artifacts/generated/common/runtime/UnityEngineDebugBindings.gen.cpp Line: 37)

Path Completed : Computation Time 0.00 ms Searched Nodes 4 Path Length 4
Path Number 214
 
(Filename: C:/buildslave/unity/build/artifacts/generated/common/runtime/UnityEngineDebugBindings.gen.cpp Line: 37)

Path Completed : Computation Time 1.00 ms Searched Nodes 1341 Path Length 104
Path Number 215
 
(Filename: C:/buildslave/unity/build/artifacts/generated/common/runtime/UnityEngineDebugBindings.gen.cpp Line: 37)

Enemy 11 checked if they were an IDIOT, and they were!
 
(Filename: C:/buildslave/unity/build/artifacts/generated/common/runtime/UnityEngineDebugBindings.gen.cpp Line: 37)

Path Completed : Computation Time 1.00 ms Searched Nodes 2028 Path Length 158
Path Number 216
 
(Filename: C:/buildslave/unity/build/artifacts/generated/common/runtime/UnityEngineDebugBindings.gen.cpp Line: 37)

Path Completed : Computation Time 2.00 ms Searched Nodes 1594 Path Length 135
Path Number 217
 
(Filename: C:/buildslave/unity/build/artifacts/generated/common/runtime/UnityEngineDebugBindings.gen.cpp Line: 37)

Path Completed : Computation Time 1.00 ms Searched Nodes 789 Path Length 89
Path Number 218
 
(Filename: C:/buildslave/unity/build/artifacts/generated/common/runtime/UnityEngineDebugBindings.gen.cpp Line: 37)

Enemy 4 checked if they were an IDIOT, and they were!
 
(Filename: C:/buildslave/unity/build/artifacts/generated/common/runtime/UnityEngineDebugBindings.gen.cpp Line: 37)

Enemy 11 checked if they were an IDIOT, and they were!
 
(Filename: C:/buildslave/unity/build/artifacts/generated/common/runtime/UnityEngineDebugBindings.gen.cpp Line: 37)

Path Completed : Computation Time 2.00 ms Searched Nodes 2033 Path Length 155
Path Number 219
 
(Filename: C:/buildslave/unity/build/artifacts/generated/common/runtime/UnityEngineDebugBindings.gen.cpp Line: 37)

Path Completed : Computation Time 0.00 ms Searched Nodes 194 Path Length 60
Path Number 220
 
(Filename: C:/buildslave/unity/build/artifacts/generated/common/runtime/UnityEngineDebugBindings.gen.cpp Line: 37)

Enemy 11 checked if they were an IDIOT, and they were!
 
(Filename: C:/buildslave/unity/build/artifacts/generated/common/runtime/UnityEngineDebugBindings.gen.cpp Line: 37)

Path Completed : Computation Time 1.00 ms Searched Nodes 586 Path Length 121
Path Number 221
 
(Filename: C:/buildslave/unity/build/artifacts/generated/common/runtime/UnityEngineDebugBindings.gen.cpp Line: 37)

Enemy 11 checked if they were an IDIOT, and they were!
 
(Filename: C:/buildslave/unity/build/artifacts/generated/common/runtime/UnityEngineDebugBindings.gen.cpp Line: 37)

Path Completed : Computation Time 1.00 ms Searched Nodes 2016 Path Length 146
Path Number 222
 
(Filename: C:/buildslave/unity/build/artifacts/generated/common/runtime/UnityEngineDebugBindings.gen.cpp Line: 37)

Path Completed : Computation Time 0.00 ms Searched Nodes 266 Path Length 69
Path Number 223
 
(Filename: C:/buildslave/unity/build/artifacts/generated/common/runtime/UnityEngineDebugBindings.gen.cpp Line: 37)

Enemy 11 checked if they were an IDIOT, and they were!
 
(Filename: C:/buildslave/unity/build/artifacts/generated/common/runtime/UnityEngineDebugBindings.gen.cpp Line: 37)

Path Completed : Computation Time 1.00 ms Searched Nodes 1863 Path Length 141
Path Number 224
 
(Filename: C:/buildslave/unity/build/artifacts/generated/common/runtime/UnityEngineDebugBindings.gen.cpp Line: 37)

Enemy 11 checked if they were an IDIOT, and they were!
 
(Filename: C:/buildslave/unity/build/artifacts/generated/common/runtime/UnityEngineDebugBindings.gen.cpp Line: 37)

Path Completed : Computation Time 0.00 ms Searched Nodes 154 Path Length 52
Path Number 225
 
(Filename: C:/buildslave/unity/build/artifacts/generated/common/runtime/UnityEngineDebugBindings.gen.cpp Line: 37)

Enemy 11 checked if they were an IDIOT, and they were!
 
(Filename: C:/buildslave/unity/build/artifacts/generated/common/runtime/UnityEngineDebugBindings.gen.cpp Line: 37)

Path Completed : Computation Time 0.00 ms Searched Nodes 29 Path Length 13
Path Number 226
 
(Filename: C:/buildslave/unity/build/artifacts/generated/common/runtime/UnityEngineDebugBindings.gen.cpp Line: 37)

Enemy 11 checked if they were an IDIOT, and they were!
 
(Filename: C:/buildslave/unity/build/artifacts/generated/common/runtime/UnityEngineDebugBindings.gen.cpp Line: 37)

Path Completed : Computation Time 0.00 ms Searched Nodes 48 Path Length 36
Path Number 227
 
(Filename: C:/buildslave/unity/build/artifacts/generated/common/runtime/UnityEngineDebugBindings.gen.cpp Line: 37)

Enemy 11 checked if they were an IDIOT, and they were!
 
(Filename: C:/buildslave/unity/build/artifacts/generated/common/runtime/UnityEngineDebugBindings.gen.cpp Line: 37)

Path Completed : Computation Time 1.00 ms Searched Nodes 563 Path Length 114
Path Number 228
 
(Filename: C:/buildslave/unity/build/artifacts/generated/common/runtime/UnityEngineDebugBindings.gen.cpp Line: 37)

Scanning - Process took 32 ms to complete
 
(Filename: C:/buildslave/unity/build/artifacts/generated/common/runtime/UnityEngineDebugBindings.gen.cpp Line: 37)

Unloading 3 Unused Serialized files (Serialized files now loaded: 0)
UnloadTime: 55.883125 ms

Unloading 1 unused Assets to reduce memory usage. Loaded Objects now: 5417.
Total: 2.017636 ms (FindLiveObjects: 0.177649 ms CreateObjectMapping: 0.265892 ms MarkObjects: 1.555747 ms  DeleteObjects: 0.016600 ms)

Scanning - Process took 30 ms to complete
 
(Filename: C:/buildslave/unity/build/artifacts/generated/common/runtime/UnityEngineDebugBindings.gen.cpp Line: 37)

Scanning - Process took 35 ms to complete
 
(Filename: C:/buildslave/unity/build/artifacts/generated/common/runtime/UnityEngineDebugBindings.gen.cpp Line: 37)

Path Completed : Computation Time 3.00 ms Searched Nodes 4495 Path Length 227
Path Number 1
 
(Filename: C:/buildslave/unity/build/artifacts/generated/common/runtime/UnityEngineDebugBindings.gen.cpp Line: 37)

Path Completed : Computation Time 4.00 ms Searched Nodes 3847 Path Length 192
Path Number 2
 
(Filename: C:/buildslave/unity/build/artifacts/generated/common/runtime/UnityEngineDebugBindings.gen.cpp Line: 37)

Path Completed : Computation Time 1.00 ms Searched Nodes 562 Path Length 56
Path Number 3
 
(Filename: C:/buildslave/unity/build/artifacts/generated/common/runtime/UnityEngineDebugBindings.gen.cpp Line: 37)

Path Completed : Computation Time 4.00 ms Searched Nodes 2846 Path Length 157
Path Number 4
 
(Filename: C:/buildslave/unity/build/artifacts/generated/common/runtime/UnityEngineDebugBindings.gen.cpp Line: 37)

Path Completed : Computation Time 1.00 ms Searched Nodes 585 Path Length 71
Path Number 5
 
(Filename: C:/buildslave/unity/build/artifacts/generated/common/runtime/UnityEngineDebugBindings.gen.cpp Line: 37)

Path Completed : Computation Time 0.00 ms Searched Nodes 72 Path Length 32
Path Number 6
 
(Filename: C:/buildslave/unity/build/artifacts/generated/common/runtime/UnityEngineDebugBindings.gen.cpp Line: 37)

Path Completed : Computation Time 0.00 ms Searched Nodes 146 Path Length 33
Path Number 7
 
(Filename: C:/buildslave/unity/build/artifacts/generated/common/runtime/UnityEngineDebugBindings.gen.cpp Line: 37)

Path Completed : Computation Time 1.00 ms Searched Nodes 461 Path Length 49
Path Number 8
 
(Filename: C:/buildslave/unity/build/artifacts/generated/common/runtime/UnityEngineDebugBindings.gen.cpp Line: 37)

Path Completed : Computation Time 3.00 ms Searched Nodes 4526 Path Length 253
Path Number 9
 
(Filename: C:/buildslave/unity/build/artifacts/generated/common/runtime/UnityEngineDebugBindings.gen.cpp Line: 37)

Path Completed : Computation Time 0.00 ms Searched Nodes 167 Path Length 39
Path Number 10
 
(Filename: C:/buildslave/unity/build/artifacts/generated/common/runtime/UnityEngineDebugBindings.gen.cpp Line: 37)

Path Completed : Computation Time 1.00 ms Searched Nodes 1593 Path Length 125
Path Number 11
 
(Filename: C:/buildslave/unity/build/artifacts/generated/common/runtime/UnityEngineDebugBindings.gen.cpp Line: 37)

Path Completed : Computation Time 2.00 ms Searched Nodes 2858 Path Length 140
Path Number 12
 
(Filename: C:/buildslave/unity/build/artifacts/generated/common/runtime/UnityEngineDebugBindings.gen.cpp Line: 37)

Path Completed : Computation Time 3.00 ms Searched Nodes 3202 Path Length 234
Path Number 13
 
(Filename: C:/buildslave/unity/build/artifacts/generated/common/runtime/UnityEngineDebugBindings.gen.cpp Line: 37)

Path Completed : Computation Time 1.00 ms Searched Nodes 356 Path Length 67
Path Number 14
 
(Filename: C:/buildslave/unity/build/artifacts/generated/common/runtime/UnityEngineDebugBindings.gen.cpp Line: 37)

Path Completed : Computation Time 1.00 ms Searched Nodes 1534 Path Length 121
Path Number 15
 
(Filename: C:/buildslave/unity/build/artifacts/generated/common/runtime/UnityEngineDebugBindings.gen.cpp Line: 37)

Path Completed : Computation Time 0.00 ms Searched Nodes 268 Path Length 58
Path Number 16
 
(Filename: C:/buildslave/unity/build/artifacts/generated/common/runtime/UnityEngineDebugBindings.gen.cpp Line: 37)

Path Completed : Computation Time 4.00 ms Searched Nodes 4612 Path Length 161
Path Number 17
 
(Filename: C:/buildslave/unity/build/artifacts/generated/common/runtime/UnityEngineDebugBindings.gen.cpp Line: 37)

Path Completed : Computation Time 0.00 ms Searched Nodes 417 Path Length 58
Path Number 18
 
(Filename: C:/buildslave/unity/build/artifacts/generated/common/runtime/UnityEngineDebugBindings.gen.cpp Line: 37)

Path Completed : Computation Time 0.00 ms Searched Nodes 375 Path Length 74
Path Number 19
 
(Filename: C:/buildslave/unity/build/artifacts/generated/common/runtime/UnityEngineDebugBindings.gen.cpp Line: 37)

Path Completed : Computation Time 3.00 ms Searched Nodes 3669 Path Length 206
Path Number 20
 
(Filename: C:/buildslave/unity/build/artifacts/generated/common/runtime/UnityEngineDebugBindings.gen.cpp Line: 37)

Path Completed : Computation Time 0.00 ms Searched Nodes 1298 Path Length 115
Path Number 21
 
(Filename: C:/buildslave/unity/build/artifacts/generated/common/runtime/UnityEngineDebugBindings.gen.cpp Line: 37)

Path Completed : Computation Time 0.00 ms Searched Nodes 11 Path Length 11
Path Number 22
 
(Filename: C:/buildslave/unity/build/artifacts/generated/common/runtime/UnityEngineDebugBindings.gen.cpp Line: 37)

Path Completed : Computation Time 0.00 ms Searched Nodes 11 Path Length 11
Path Number 23
 
(Filename: C:/buildslave/unity/build/artifacts/generated/common/runtime/UnityEngineDebugBindings.gen.cpp Line: 37)

Path Completed : Computation Time 0.00 ms Searched Nodes 7 Path Length 7
Path Number 24
 
(Filename: C:/buildslave/unity/build/artifacts/generated/common/runtime/UnityEngineDebugBindings.gen.cpp Line: 37)

Path Completed : Computation Time 0.00 ms Searched Nodes 512 Path Length 69
Path Number 25
 
(Filename: C:/buildslave/unity/build/artifacts/generated/common/runtime/UnityEngineDebugBindings.gen.cpp Line: 37)

Path Completed : Computation Time 0.00 ms Searched Nodes 0 Path Length 1
Path Number 27
 
(Filename: C:/buildslave/unity/build/artifacts/generated/common/runtime/UnityEngineDebugBindings.gen.cpp Line: 37)

Path Completed : Computation Time 0.00 ms Searched Nodes 0 Path Length 1
Path Number 29
 
(Filename: C:/buildslave/unity/build/artifacts/generated/common/runtime/UnityEngineDebugBindings.gen.cpp Line: 37)

Path Completed : Computation Time 0.00 ms Searched Nodes 0 Path Length 1
Path Number 31
 
(Filename: C:/buildslave/unity/build/artifacts/generated/common/runtime/UnityEngineDebugBindings.gen.cpp Line: 37)

Path Completed : Computation Time 0.00 ms Searched Nodes 0 Path Length 1
Path Number 33
 
(Filename: C:/buildslave/unity/build/artifacts/generated/common/runtime/UnityEngineDebugBindings.gen.cpp Line: 37)

Path Completed : Computation Time 0.00 ms Searched Nodes 5 Path Length 5
Path Number 34
 
(Filename: C:/buildslave/unity/build/artifacts/generated/common/runtime/UnityEngineDebugBindings.gen.cpp Line: 37)

Path Completed : Computation Time 0.00 ms Searched Nodes 0 Path Length 1
Path Number 36
 
(Filename: C:/buildslave/unity/build/artifacts/generated/common/runtime/UnityEngineDebugBindings.gen.cpp Line: 37)

Path Completed : Computation Time 0.00 ms Searched Nodes 0 Path Length 1
Path Number 38
 
(Filename: C:/buildslave/unity/build/artifacts/generated/common/runtime/UnityEngineDebugBindings.gen.cpp Line: 37)

Path Completed : Computation Time 0.00 ms Searched Nodes 0 Path Length 1
Path Number 40
 
(Filename: C:/buildslave/unity/build/artifacts/generated/common/runtime/UnityEngineDebugBindings.gen.cpp Line: 37)

Path Completed : Computation Time 0.00 ms Searched Nodes 0 Path Length 1
Path Number 42
 
(Filename: C:/buildslave/unity/build/artifacts/generated/common/runtime/UnityEngineDebugBindings.gen.cpp Line: 37)

Path Completed : Computation Time 0.00 ms Searched Nodes 0 Path Length 1
Path Number 44
 
(Filename: C:/buildslave/unity/build/artifacts/generated/common/runtime/UnityEngineDebugBindings.gen.cpp Line: 37)

Path Completed : Computation Time 0.00 ms Searched Nodes 0 Path Length 1
Path Number 46
 
(Filename: C:/buildslave/unity/build/artifacts/generated/common/runtime/UnityEngineDebugBindings.gen.cpp Line: 37)

Path Completed : Computation Time 0.00 ms Searched Nodes 0 Path Length 1
Path Number 48
 
(Filename: C:/buildslave/unity/build/artifacts/generated/common/runtime/UnityEngineDebugBindings.gen.cpp Line: 37)

Path Completed : Computation Time 0.00 ms Searched Nodes 0 Path Length 1
Path Number 50
 
(Filename: C:/buildslave/unity/build/artifacts/generated/common/runtime/UnityEngineDebugBindings.gen.cpp Line: 37)

Path Completed : Computation Time 4.00 ms Searched Nodes 5189 Path Length 252
Path Number 51
 
(Filename: C:/buildslave/unity/build/artifacts/generated/common/runtime/UnityEngineDebugBindings.gen.cpp Line: 37)

Path Completed : Computation Time 0.00 ms Searched Nodes 0 Path Length 1
Path Number 53
 
(Filename: C:/buildslave/unity/build/artifacts/generated/common/runtime/UnityEngineDebugBindings.gen.cpp Line: 37)

Path Completed : Computation Time 0.00 ms Searched Nodes 0 Path Length 1
Path Number 55
 
(Filename: C:/buildslave/unity/build/artifacts/generated/common/runtime/UnityEngineDebugBindings.gen.cpp Line: 37)

Path Completed : Computation Time 0.00 ms Searched Nodes 11 Path Length 11
Path Number 56
 
(Filename: C:/buildslave/unity/build/artifacts/generated/common/runtime/UnityEngineDebugBindings.gen.cpp Line: 37)

Path Completed : Computation Time 1.00 ms Searched Nodes 7 Path Length 7
Path Number 57
 
(Filename: C:/buildslave/unity/build/artifacts/generated/common/runtime/UnityEngineDebugBindings.gen.cpp Line: 37)

Path Completed : Computation Time 3.00 ms Searched Nodes 3480 Path Length 200
Path Number 58
 
(Filename: C:/buildslave/unity/build/artifacts/generated/common/runtime/UnityEngineDebugBindings.gen.cpp Line: 37)

Path Completed : Computation Time 5.00 ms Searched Nodes 3480 Path Length 192
Path Number 59
 
(Filename: C:/buildslave/unity/build/artifacts/generated/common/runtime/UnityEngineDebugBindings.gen.cpp Line: 37)

Path Completed : Computation Time 4.00 ms Searched Nodes 4372 Path Length 239
Path Number 60
 
(Filename: C:/buildslave/unity/build/artifacts/generated/common/runtime/UnityEngineDebugBindings.gen.cpp Line: 37)

Path Completed : Computation Time 0.00 ms Searched Nodes 0 Path Length 1
Path Number 62
 
(Filename: C:/buildslave/unity/build/artifacts/generated/common/runtime/UnityEngineDebugBindings.gen.cpp Line: 37)

Path Completed : Computation Time 0.00 ms Searched Nodes 0 Path Length 1
Path Number 64
 
(Filename: C:/buildslave/unity/build/artifacts/generated/common/runtime/UnityEngineDebugBindings.gen.cpp Line: 37)

Path Completed : Computation Time 0.00 ms Searched Nodes 0 Path Length 1
Path Number 66
 
(Filename: C:/buildslave/unity/build/artifacts/generated/common/runtime/UnityEngineDebugBindings.gen.cpp Line: 37)

Path Completed : Computation Time 0.00 ms Searched Nodes 0 Path Length 1
Path Number 68
 
(Filename: C:/buildslave/unity/build/artifacts/generated/common/runtime/UnityEngineDebugBindings.gen.cpp Line: 37)

Path Completed : Computation Time 0.00 ms Searched Nodes 0 Path Length 1
Path Number 70
 
(Filename: C:/buildslave/unity/build/artifacts/generated/common/runtime/UnityEngineDebugBindings.gen.cpp Line: 37)

Path Completed : Computation Time 0.00 ms Searched Nodes 0 Path Length 1
Path Number 72
 
(Filename: C:/buildslave/unity/build/artifacts/generated/common/runtime/UnityEngineDebugBindings.gen.cpp Line: 37)

Path Completed : Computation Time 4.00 ms Searched Nodes 4879 Path Length 179
Path Number 73
 
(Filename: C:/buildslave/unity/build/artifacts/generated/common/runtime/UnityEngineDebugBindings.gen.cpp Line: 37)

Path Completed : Computation Time 0.00 ms Searched Nodes 0 Path Length 1
Path Number 75
 
(Filename: C:/buildslave/unity/build/artifacts/generated/common/runtime/UnityEngineDebugBindings.gen.cpp Line: 37)

Path Completed : Computation Time 0.00 ms Searched Nodes 0 Path Length 1
Path Number 77
 
(Filename: C:/buildslave/unity/build/artifacts/generated/common/runtime/UnityEngineDebugBindings.gen.cpp Line: 37)

Path Completed : Computation Time 0.00 ms Searched Nodes 0 Path Length 1
Path Number 79
 
(Filename: C:/buildslave/unity/build/artifacts/generated/common/runtime/UnityEngineDebugBindings.gen.cpp Line: 37)

Path Completed : Computation Time 0.00 ms Searched Nodes 0 Path Length 1
Path Number 81
 
(Filename: C:/buildslave/unity/build/artifacts/generated/common/runtime/UnityEngineDebugBindings.gen.cpp Line: 37)

Path Completed : Computation Time 0.00 ms Searched Nodes 0 Path Length 1
Path Number 83
 
(Filename: C:/buildslave/unity/build/artifacts/generated/common/runtime/UnityEngineDebugBindings.gen.cpp Line: 37)

Path Completed : Computation Time 0.00 ms Searched Nodes 0 Path Length 1
Path Number 85
 
(Filename: C:/buildslave/unity/build/artifacts/generated/common/runtime/UnityEngineDebugBindings.gen.cpp Line: 37)

Path Completed : Computation Time 0.00 ms Searched Nodes 0 Path Length 1
Path Number 87
 
(Filename: C:/buildslave/unity/build/artifacts/generated/common/runtime/UnityEngineDebugBindings.gen.cpp Line: 37)

Path Completed : Computation Time 0.00 ms Searched Nodes 26 Path Length 16
Path Number 88
 
(Filename: C:/buildslave/unity/build/artifacts/generated/common/runtime/UnityEngineDebugBindings.gen.cpp Line: 37)

Path Completed : Computation Time 0.00 ms Searched Nodes 11 Path Length 8
Path Number 89
 
(Filename: C:/buildslave/unity/build/artifacts/generated/common/runtime/UnityEngineDebugBindings.gen.cpp Line: 37)

Path Completed : Computation Time 0.00 ms Searched Nodes 13 Path Length 12
Path Number 90
 
(Filename: C:/buildslave/unity/build/artifacts/generated/common/runtime/UnityEngineDebugBindings.gen.cpp Line: 37)

Path Completed : Computation Time 0.00 ms Searched Nodes 5 Path Length 4
Path Number 91
 
(Filename: C:/buildslave/unity/build/artifacts/generated/common/runtime/UnityEngineDebugBindings.gen.cpp Line: 37)

Path Completed : Computation Time 0.00 ms Searched Nodes 0 Path Length 1
Path Number 93
 
(Filename: C:/buildslave/unity/build/artifacts/generated/common/runtime/UnityEngineDebugBindings.gen.cpp Line: 37)

Path Completed : Computation Time 0.00 ms Searched Nodes 0 Path Length 1
Path Number 95
 
(Filename: C:/buildslave/unity/build/artifacts/generated/common/runtime/UnityEngineDebugBindings.gen.cpp Line: 37)

Path Completed : Computation Time 0.00 ms Searched Nodes 0 Path Length 1
Path Number 97
 
(Filename: C:/buildslave/unity/build/artifacts/generated/common/runtime/UnityEngineDebugBindings.gen.cpp Line: 37)

Path Completed : Computation Time 0.00 ms Searched Nodes 0 Path Length 1
Path Number 99
 
(Filename: C:/buildslave/unity/build/artifacts/generated/common/runtime/UnityEngineDebugBindings.gen.cpp Line: 37)

Path Completed : Computation Time 0.00 ms Searched Nodes 0 Path Length 1
Path Number 101
 
(Filename: C:/buildslave/unity/build/artifacts/generated/common/runtime/UnityEngineDebugBindings.gen.cpp Line: 37)

Path Completed : Computation Time 0.00 ms Searched Nodes 0 Path Length 1
Path Number 103
 
(Filename: C:/buildslave/unity/build/artifacts/generated/common/runtime/UnityEngineDebugBindings.gen.cpp Line: 37)

Path Completed : Computation Time 0.00 ms Searched Nodes 0 Path Length 1
Path Number 105
 
(Filename: C:/buildslave/unity/build/artifacts/generated/common/runtime/UnityEngineDebugBindings.gen.cpp Line: 37)

Path Completed : Computation Time 0.00 ms Searched Nodes 0 Path Length 1
Path Number 107
 
(Filename: C:/buildslave/unity/build/artifacts/generated/common/runtime/UnityEngineDebugBindings.gen.cpp Line: 37)

Path Completed : Computation Time 0.00 ms Searched Nodes 0 Path Length 1
Path Number 109
 
(Filename: C:/buildslave/unity/build/artifacts/generated/common/runtime/UnityEngineDebugBindings.gen.cpp Line: 37)

Path Completed : Computation Time 0.00 ms Searched Nodes 0 Path Length 1
Path Number 111
 
(Filename: C:/buildslave/unity/build/artifacts/generated/common/runtime/UnityEngineDebugBindings.gen.cpp Line: 37)

Path Completed : Computation Time 0.00 ms Searched Nodes 45 Path Length 17
Path Number 112
 
(Filename: C:/buildslave/unity/build/artifacts/generated/common/runtime/UnityEngineDebugBindings.gen.cpp Line: 37)

Path Completed : Computation Time 0.00 ms Searched Nodes 14 Path Length 10
Path Number 113
 
(Filename: C:/buildslave/unity/build/artifacts/generated/common/runtime/UnityEngineDebugBindings.gen.cpp Line: 37)

Path Completed : Computation Time 0.00 ms Searched Nodes 26 Path Length 13
Path Number 114
 
(Filename: C:/buildslave/unity/build/artifacts/generated/common/runtime/UnityEngineDebugBindings.gen.cpp Line: 37)

Path Completed : Computation Time 0.00 ms Searched Nodes 9 Path Length 9
Path Number 115
 
(Filename: C:/buildslave/unity/build/artifacts/generated/common/runtime/UnityEngineDebugBindings.gen.cpp Line: 37)

Path Completed : Computation Time 0.00 ms Searched Nodes 6 Path Length 6
Path Number 116
 
(Filename: C:/buildslave/unity/build/artifacts/generated/common/runtime/UnityEngineDebugBindings.gen.cpp Line: 37)

Path Completed : Computation Time 2.00 ms Searched Nodes 1541 Path Length 169
Path Number 117
 
(Filename: C:/buildslave/unity/build/artifacts/generated/common/runtime/UnityEngineDebugBindings.gen.cpp Line: 37)

Path Completed : Computation Time 1.00 ms Searched Nodes 1157 Path Length 145
Path Number 118
 
(Filename: C:/buildslave/unity/build/artifacts/generated/common/runtime/UnityEngineDebugBindings.gen.cpp Line: 37)

Path Completed : Computation Time 0.00 ms Searched Nodes 0 Path Length 1
Path Number 120
 
(Filename: C:/buildslave/unity/build/artifacts/generated/common/runtime/UnityEngineDebugBindings.gen.cpp Line: 37)

Path Completed : Computation Time 0.00 ms Searched Nodes 0 Path Length 1
Path Number 122
 
(Filename: C:/buildslave/unity/build/artifacts/generated/common/runtime/UnityEngineDebugBindings.gen.cpp Line: 37)

Path Completed : Computation Time 0.00 ms Searched Nodes 0 Path Length 1
Path Number 124
 
(Filename: C:/buildslave/unity/build/artifacts/generated/common/runtime/UnityEngineDebugBindings.gen.cpp Line: 37)

Path Completed : Computation Time 0.00 ms Searched Nodes 10 Path Length 10
Path Number 125
 
(Filename: C:/buildslave/unity/build/artifacts/generated/common/runtime/UnityEngineDebugBindings.gen.cpp Line: 37)

Path Completed : Computation Time 0.00 ms Searched Nodes 7 Path Length 7
Path Number 126
 
(Filename: C:/buildslave/unity/build/artifacts/generated/common/runtime/UnityEngineDebugBindings.gen.cpp Line: 37)

Path Completed : Computation Time 1.00 ms Searched Nodes 6 Path Length 6
Path Number 127
 
(Filename: C:/buildslave/unity/build/artifacts/generated/common/runtime/UnityEngineDebugBindings.gen.cpp Line: 37)

Path Completed : Computation Time 0.00 ms Searched Nodes 2 Path Length 2
Path Number 128
 
(Filename: C:/buildslave/unity/build/artifacts/generated/common/runtime/UnityEngineDebugBindings.gen.cpp Line: 37)

Path Completed : Computation Time 0.00 ms Searched Nodes 0 Path Length 1
Path Number 130
 
(Filename: C:/buildslave/unity/build/artifacts/generated/common/runtime/UnityEngineDebugBindings.gen.cpp Line: 37)

Path Completed : Computation Time 0.00 ms Searched Nodes 0 Path Length 1
Path Number 132
 
(Filename: C:/buildslave/unity/build/artifacts/generated/common/runtime/UnityEngineDebugBindings.gen.cpp Line: 37)

Path Completed : Computation Time 0.00 ms Searched Nodes 0 Path Length 1
Path Number 134
 
(Filename: C:/buildslave/unity/build/artifacts/generated/common/runtime/UnityEngineDebugBindings.gen.cpp Line: 37)

Path Completed : Computation Time 0.00 ms Searched Nodes 0 Path Length 1
Path Number 136
 
(Filename: C:/buildslave/unity/build/artifacts/generated/common/runtime/UnityEngineDebugBindings.gen.cpp Line: 37)

Path Completed : Computation Time 0.00 ms Searched Nodes 29 Path Length 15
Path Number 137
 
(Filename: C:/buildslave/unity/build/artifacts/generated/common/runtime/UnityEngineDebugBindings.gen.cpp Line: 37)

Path Completed : Computation Time 0.00 ms Searched Nodes 10 Path Length 10
Path Number 138
 
(Filename: C:/buildslave/unity/build/artifacts/generated/common/runtime/UnityEngineDebugBindings.gen.cpp Line: 37)

Path Completed : Computation Time 0.00 ms Searched Nodes 11 Path Length 11
Path Number 139
 
(Filename: C:/buildslave/unity/build/artifacts/generated/common/runtime/UnityEngineDebugBindings.gen.cpp Line: 37)

Path Completed : Computation Time 3.00 ms Searched Nodes 3433 Path Length 219
Path Number 140
 
(Filename: C:/buildslave/unity/build/artifacts/generated/common/runtime/UnityEngineDebugBindings.gen.cpp Line: 37)

Enemy 7 checked if they were an IDIOT, and they were!
 
(Filename: C:/buildslave/unity/build/artifacts/generated/common/runtime/UnityEngineDebugBindings.gen.cpp Line: 37)

Path Completed : Computation Time 2.00 ms Searched Nodes 2260 Path Length 144
Path Number 141
 
(Filename: C:/buildslave/unity/build/artifacts/generated/common/runtime/UnityEngineDebugBindings.gen.cpp Line: 37)

Enemy 7 checked if they were an IDIOT, and they were!
 
(Filename: C:/buildslave/unity/build/artifacts/generated/common/runtime/UnityEngineDebugBindings.gen.cpp Line: 37)

Path Completed : Computation Time 2.00 ms Searched Nodes 2465 Path Length 147
Path Number 142
 
(Filename: C:/buildslave/unity/build/artifacts/generated/common/runtime/UnityEngineDebugBindings.gen.cpp Line: 37)

Enemy 7 checked if they were an IDIOT, and they were!
 
(Filename: C:/buildslave/unity/build/artifacts/generated/common/runtime/UnityEngineDebugBindings.gen.cpp Line: 37)

Path Completed : Computation Time 2.00 ms Searched Nodes 1177 Path Length 104
Path Number 143
 
(Filename: C:/buildslave/unity/build/artifacts/generated/common/runtime/UnityEngineDebugBindings.gen.cpp Line: 37)

Enemy 7 checked if they were an IDIOT, and they were!
 
(Filename: C:/buildslave/unity/build/artifacts/generated/common/runtime/UnityEngineDebugBindings.gen.cpp Line: 37)

Path Completed : Computation Time 0.00 ms Searched Nodes 500 Path Length 51
Path Number 144
 
(Filename: C:/buildslave/unity/build/artifacts/generated/common/runtime/UnityEngineDebugBindings.gen.cpp Line: 37)

Scanning - Process took 38 ms to complete
 
(Filename: C:/buildslave/unity/build/artifacts/generated/common/runtime/UnityEngineDebugBindings.gen.cpp Line: 37)

Unloading 3 Unused Serialized files (Serialized files now loaded: 0)
UnloadTime: 48.985065 ms

Unloading 1 unused Assets to reduce memory usage. Loaded Objects now: 5417.
Total: 2.262269 ms (FindLiveObjects: 0.386752 ms CreateObjectMapping: 0.322390 ms MarkObjects: 1.534196 ms  DeleteObjects: 0.016308 ms)

Scanning - Process took 29 ms to complete
 
(Filename: C:/buildslave/unity/build/artifacts/generated/common/runtime/UnityEngineDebugBindings.gen.cpp Line: 37)

Scanning - Process took 26 ms to complete
 
(Filename: C:/buildslave/unity/build/artifacts/generated/common/runtime/UnityEngineDebugBindings.gen.cpp Line: 37)

Path Completed : Computation Time 0.00 ms Searched Nodes 94 Path Length 32
Path Number 1
 
(Filename: C:/buildslave/unity/build/artifacts/generated/common/runtime/UnityEngineDebugBindings.gen.cpp Line: 37)

Path Completed : Computation Time 0.00 ms Searched Nodes 330 Path Length 49
Path Number 2
 
(Filename: C:/buildslave/unity/build/artifacts/generated/common/runtime/UnityEngineDebugBindings.gen.cpp Line: 37)

Path Completed : Computation Time 0.00 ms Searched Nodes 97 Path Length 45
Path Number 3
 
(Filename: C:/buildslave/unity/build/artifacts/generated/common/runtime/UnityEngineDebugBindings.gen.cpp Line: 37)

Path Completed : Computation Time 0.00 ms Searched Nodes 455 Path Length 53
Path Number 4
 
(Filename: C:/buildslave/unity/build/artifacts/generated/common/runtime/UnityEngineDebugBindings.gen.cpp Line: 37)

Path Completed : Computation Time 1.00 ms Searched Nodes 938 Path Length 122
Path Number 5
 
(Filename: C:/buildslave/unity/build/artifacts/generated/common/runtime/UnityEngineDebugBindings.gen.cpp Line: 37)

Path Completed : Computation Time 0.00 ms Searched Nodes 46 Path Length 22
Path Number 6
 
(Filename: C:/buildslave/unity/build/artifacts/generated/common/runtime/UnityEngineDebugBindings.gen.cpp Line: 37)

Path Completed : Computation Time 0.00 ms Searched Nodes 0 Path Length 1
Path Number 8
 
(Filename: C:/buildslave/unity/build/artifacts/generated/common/runtime/UnityEngineDebugBindings.gen.cpp Line: 37)

Path Completed : Computation Time 0.00 ms Searched Nodes 0 Path Length 1
Path Number 10
 
(Filename: C:/buildslave/unity/build/artifacts/generated/common/runtime/UnityEngineDebugBindings.gen.cpp Line: 37)

Path Completed : Computation Time 1.00 ms Searched Nodes 198 Path Length 58
Path Number 11
 
(Filename: C:/buildslave/unity/build/artifacts/generated/common/runtime/UnityEngineDebugBindings.gen.cpp Line: 37)

Path Completed : Computation Time 0.00 ms Searched Nodes 39 Path Length 20
Path Number 12
 
(Filename: C:/buildslave/unity/build/artifacts/generated/common/runtime/UnityEngineDebugBindings.gen.cpp Line: 37)

Path Completed : Computation Time 0.00 ms Searched Nodes 0 Path Length 1
Path Number 14
 
(Filename: C:/buildslave/unity/build/artifacts/generated/common/runtime/UnityEngineDebugBindings.gen.cpp Line: 37)

Path Completed : Computation Time 0.00 ms Searched Nodes 0 Path Length 1
Path Number 16
 
(Filename: C:/buildslave/unity/build/artifacts/generated/common/runtime/UnityEngineDebugBindings.gen.cpp Line: 37)

Path Completed : Computation Time 0.00 ms Searched Nodes 0 Path Length 1
Path Number 18
 
(Filename: C:/buildslave/unity/build/artifacts/generated/common/runtime/UnityEngineDebugBindings.gen.cpp Line: 37)

Path Completed : Computation Time 0.00 ms Searched Nodes 0 Path Length 1
Path Number 20
 
(Filename: C:/buildslave/unity/build/artifacts/generated/common/runtime/UnityEngineDebugBindings.gen.cpp Line: 37)

Path Completed : Computation Time 0.00 ms Searched Nodes 0 Path Length 1
Path Number 22
 
(Filename: C:/buildslave/unity/build/artifacts/generated/common/runtime/UnityEngineDebugBindings.gen.cpp Line: 37)

Path Completed : Computation Time 0.00 ms Searched Nodes 0 Path Length 1
Path Number 24
 
(Filename: C:/buildslave/unity/build/artifacts/generated/common/runtime/UnityEngineDebugBindings.gen.cpp Line: 37)

Path Completed : Computation Time 0.00 ms Searched Nodes 0 Path Length 1
Path Number 26
 
(Filename: C:/buildslave/unity/build/artifacts/generated/common/runtime/UnityEngineDebugBindings.gen.cpp Line: 37)

Path Completed : Computation Time 0.00 ms Searched Nodes 0 Path Length 1
Path Number 28
 
(Filename: C:/buildslave/unity/build/artifacts/generated/common/runtime/UnityEngineDebugBindings.gen.cpp Line: 37)

Path Completed : Computation Time 0.00 ms Searched Nodes 0 Path Length 1
Path Number 30
 
(Filename: C:/buildslave/unity/build/artifacts/generated/common/runtime/UnityEngineDebugBindings.gen.cpp Line: 37)

Path Completed : Computation Time 0.00 ms Searched Nodes 0 Path Length 1
Path Number 32
 
(Filename: C:/buildslave/unity/build/artifacts/generated/common/runtime/UnityEngineDebugBindings.gen.cpp Line: 37)

Path Completed : Computation Time 0.00 ms Searched Nodes 0 Path Length 1
Path Number 34
 
(Filename: C:/buildslave/unity/build/artifacts/generated/common/runtime/UnityEngineDebugBindings.gen.cpp Line: 37)

Path Completed : Computation Time 0.00 ms Searched Nodes 9 Path Length 9
Path Number 35
 
(Filename: C:/buildslave/unity/build/artifacts/generated/common/runtime/UnityEngineDebugBindings.gen.cpp Line: 37)

Path Completed : Computation Time 0.00 ms Searched Nodes 0 Path Length 1
Path Number 37
 
(Filename: C:/buildslave/unity/build/artifacts/generated/common/runtime/UnityEngineDebugBindings.gen.cpp Line: 37)

Path Completed : Computation Time 0.00 ms Searched Nodes 0 Path Length 1
Path Number 39
 
(Filename: C:/buildslave/unity/build/artifacts/generated/common/runtime/UnityEngineDebugBindings.gen.cpp Line: 37)

Path Completed : Computation Time 0.00 ms Searched Nodes 0 Path Length 1
Path Number 41
 
(Filename: C:/buildslave/unity/build/artifacts/generated/common/runtime/UnityEngineDebugBindings.gen.cpp Line: 37)

Path Completed : Computation Time 0.00 ms Searched Nodes 0 Path Length 1
Path Number 43
 
(Filename: C:/buildslave/unity/build/artifacts/generated/common/runtime/UnityEngineDebugBindings.gen.cpp Line: 37)

Path Completed : Computation Time 0.00 ms Searched Nodes 0 Path Length 1
Path Number 45
 
(Filename: C:/buildslave/unity/build/artifacts/generated/common/runtime/UnityEngineDebugBindings.gen.cpp Line: 37)

Path Completed : Computation Time 0.00 ms Searched Nodes 0 Path Length 1
Path Number 47
 
(Filename: C:/buildslave/unity/build/artifacts/generated/common/runtime/UnityEngineDebugBindings.gen.cpp Line: 37)

Path Completed : Computation Time 0.00 ms Searched Nodes 0 Path Length 1
Path Number 49
 
(Filename: C:/buildslave/unity/build/artifacts/generated/common/runtime/UnityEngineDebugBindings.gen.cpp Line: 37)

Path Completed : Computation Time 0.00 ms Searched Nodes 0 Path Length 1
Path Number 51
 
(Filename: C:/buildslave/unity/build/artifacts/generated/common/runtime/UnityEngineDebugBindings.gen.cpp Line: 37)

Path Completed : Computation Time 0.00 ms Searched Nodes 0 Path Length 1
Path Number 53
 
(Filename: C:/buildslave/unity/build/artifacts/generated/common/runtime/UnityEngineDebugBindings.gen.cpp Line: 37)

Path Completed : Computation Time 0.00 ms Searched Nodes 0 Path Length 1
Path Number 55
 
(Filename: C:/buildslave/unity/build/artifacts/generated/common/runtime/UnityEngineDebugBindings.gen.cpp Line: 37)

Path Completed : Computation Time 0.00 ms Searched Nodes 0 Path Length 1
Path Number 57
 
(Filename: C:/buildslave/unity/build/artifacts/generated/common/runtime/UnityEngineDebugBindings.gen.cpp Line: 37)

Path Completed : Computation Time 0.00 ms Searched Nodes 0 Path Length 1
Path Number 59
 
(Filename: C:/buildslave/unity/build/artifacts/generated/common/runtime/UnityEngineDebugBindings.gen.cpp Line: 37)

Path Completed : Computation Time 0.00 ms Searched Nodes 0 Path Length 1
Path Number 61
 
(Filename: C:/buildslave/unity/build/artifacts/generated/common/runtime/UnityEngineDebugBindings.gen.cpp Line: 37)

Path Completed : Computation Time 0.00 ms Searched Nodes 0 Path Length 1
Path Number 63
 
(Filename: C:/buildslave/unity/build/artifacts/generated/common/runtime/UnityEngineDebugBindings.gen.cpp Line: 37)

Path Completed : Computation Time 0.00 ms Searched Nodes 0 Path Length 1
Path Number 65
 
(Filename: C:/buildslave/unity/build/artifacts/generated/common/runtime/UnityEngineDebugBindings.gen.cpp Line: 37)

Path Completed : Computation Time 0.00 ms Searched Nodes 0 Path Length 1
Path Number 67
 
(Filename: C:/buildslave/unity/build/artifacts/generated/common/runtime/UnityEngineDebugBindings.gen.cpp Line: 37)

Path Completed : Computation Time 0.00 ms Searched Nodes 0 Path Length 1
Path Number 69
 
(Filename: C:/buildslave/unity/build/artifacts/generated/common/runtime/UnityEngineDebugBindings.gen.cpp Line: 37)

Path Completed : Computation Time 0.00 ms Searched Nodes 0 Path Length 1
Path Number 71
 
(Filename: C:/buildslave/unity/build/artifacts/generated/common/runtime/UnityEngineDebugBindings.gen.cpp Line: 37)

Path Completed : Computation Time 0.00 ms Searched Nodes 0 Path Length 1
Path Number 73
 
(Filename: C:/buildslave/unity/build/artifacts/generated/common/runtime/UnityEngineDebugBindings.gen.cpp Line: 37)

Path Completed : Computation Time 0.00 ms Searched Nodes 0 Path Length 1
Path Number 75
 
(Filename: C:/buildslave/unity/build/artifacts/generated/common/runtime/UnityEngineDebugBindings.gen.cpp Line: 37)

Path Completed : Computation Time 0.00 ms Searched Nodes 0 Path Length 1
Path Number 77
 
(Filename: C:/buildslave/unity/build/artifacts/generated/common/runtime/UnityEngineDebugBindings.gen.cpp Line: 37)

Path Completed : Computation Time 0.00 ms Searched Nodes 0 Path Length 1
Path Number 79
 
(Filename: C:/buildslave/unity/build/artifacts/generated/common/runtime/UnityEngineDebugBindings.gen.cpp Line: 37)

Path Completed : Computation Time 0.00 ms Searched Nodes 0 Path Length 1
Path Number 81
 
(Filename: C:/buildslave/unity/build/artifacts/generated/common/runtime/UnityEngineDebugBindings.gen.cpp Line: 37)

Path Completed : Computation Time 0.00 ms Searched Nodes 0 Path Length 1
Path Number 83
 
(Filename: C:/buildslave/unity/build/artifacts/generated/common/runtime/UnityEngineDebugBindings.gen.cpp Line: 37)

Path Completed : Computation Time 0.00 ms Searched Nodes 0 Path Length 1
Path Number 85
 
(Filename: C:/buildslave/unity/build/artifacts/generated/common/runtime/UnityEngineDebugBindings.gen.cpp Line: 37)

Path Completed : Computation Time 0.00 ms Searched Nodes 0 Path Length 1
Path Number 87
 
(Filename: C:/buildslave/unity/build/artifacts/generated/common/runtime/UnityEngineDebugBindings.gen.cpp Line: 37)

Path Completed : Computation Time 0.00 ms Searched Nodes 0 Path Length 1
Path Number 89
 
(Filename: C:/buildslave/unity/build/artifacts/generated/common/runtime/UnityEngineDebugBindings.gen.cpp Line: 37)

Path Completed : Computation Time 0.00 ms Searched Nodes 0 Path Length 1
Path Number 91
 
(Filename: C:/buildslave/unity/build/artifacts/generated/common/runtime/UnityEngineDebugBindings.gen.cpp Line: 37)

Path Completed : Computation Time 0.00 ms Searched Nodes 0 Path Length 1
Path Number 93
 
(Filename: C:/buildslave/unity/build/artifacts/generated/common/runtime/UnityEngineDebugBindings.gen.cpp Line: 37)

Path Completed : Computation Time 0.00 ms Searched Nodes 0 Path Length 1
Path Number 95
 
(Filename: C:/buildslave/unity/build/artifacts/generated/common/runtime/UnityEngineDebugBindings.gen.cpp Line: 37)

Path Completed : Computation Time 0.00 ms Searched Nodes 0 Path Length 1
Path Number 97
 
(Filename: C:/buildslave/unity/build/artifacts/generated/common/runtime/UnityEngineDebugBindings.gen.cpp Line: 37)

Path Completed : Computation Time 0.00 ms Searched Nodes 0 Path Length 1
Path Number 99
 
(Filename: C:/buildslave/unity/build/artifacts/generated/common/runtime/UnityEngineDebugBindings.gen.cpp Line: 37)

Path Completed : Computation Time 0.00 ms Searched Nodes 0 Path Length 1
Path Number 101
 
(Filename: C:/buildslave/unity/build/artifacts/generated/common/runtime/UnityEngineDebugBindings.gen.cpp Line: 37)

Path Completed : Computation Time 0.00 ms Searched Nodes 0 Path Length 1
Path Number 103
 
(Filename: C:/buildslave/unity/build/artifacts/generated/common/runtime/UnityEngineDebugBindings.gen.cpp Line: 37)

Path Completed : Computation Time 0.00 ms Searched Nodes 0 Path Length 1
Path Number 105
 
(Filename: C:/buildslave/unity/build/artifacts/generated/common/runtime/UnityEngineDebugBindings.gen.cpp Line: 37)

Path Completed : Computation Time 0.00 ms Searched Nodes 0 Path Length 1
Path Number 107
 
(Filename: C:/buildslave/unity/build/artifacts/generated/common/runtime/UnityEngineDebugBindings.gen.cpp Line: 37)

Path Completed : Computation Time 0.00 ms Searched Nodes 0 Path Length 1
Path Number 109
 
(Filename: C:/buildslave/unity/build/artifacts/generated/common/runtime/UnityEngineDebugBindings.gen.cpp Line: 37)

Path Completed : Computation Time 0.00 ms Searched Nodes 0 Path Length 1
Path Number 111
 
(Filename: C:/buildslave/unity/build/artifacts/generated/common/runtime/UnityEngineDebugBindings.gen.cpp Line: 37)

Path Completed : Computation Time 1.00 ms Searched Nodes 0 Path Length 1
Path Number 113
 
(Filename: C:/buildslave/unity/build/artifacts/generated/common/runtime/UnityEngineDebugBindings.gen.cpp Line: 37)

Path Completed : Computation Time 0.00 ms Searched Nodes 0 Path Length 1
Path Number 115
 
(Filename: C:/buildslave/unity/build/artifacts/generated/common/runtime/UnityEngineDebugBindings.gen.cpp Line: 37)

Path Completed : Computation Time 0.00 ms Searched Nodes 0 Path Length 1
Path Number 117
 
(Filename: C:/buildslave/unity/build/artifacts/generated/common/runtime/UnityEngineDebugBindings.gen.cpp Line: 37)

Path Completed : Computation Time 0.00 ms Searched Nodes 0 Path Length 1
Path Number 119
 
(Filename: C:/buildslave/unity/build/artifacts/generated/common/runtime/UnityEngineDebugBindings.gen.cpp Line: 37)

Path Completed : Computation Time 0.00 ms Searched Nodes 0 Path Length 1
Path Number 121
 
(Filename: C:/buildslave/unity/build/artifacts/generated/common/runtime/UnityEngineDebugBindings.gen.cpp Line: 37)

Path Completed : Computation Time 0.00 ms Searched Nodes 0 Path Length 1
Path Number 123
 
(Filename: C:/buildslave/unity/build/artifacts/generated/common/runtime/UnityEngineDebugBindings.gen.cpp Line: 37)

Path Completed : Computation Time 0.00 ms Searched Nodes 0 Path Length 1
Path Number 125
 
(Filename: C:/buildslave/unity/build/artifacts/generated/common/runtime/UnityEngineDebugBindings.gen.cpp Line: 37)

Path Completed : Computation Time 0.00 ms Searched Nodes 0 Path Length 1
Path Number 127
 
(Filename: C:/buildslave/unity/build/artifacts/generated/common/runtime/UnityEngineDebugBindings.gen.cpp Line: 37)

Path Completed : Computation Time 0.00 ms Searched Nodes 0 Path Length 1
Path Number 129
 
(Filename: C:/buildslave/unity/build/artifacts/generated/common/runtime/UnityEngineDebugBindings.gen.cpp Line: 37)

Path Completed : Computation Time 0.00 ms Searched Nodes 0 Path Length 1
Path Number 131
 
(Filename: C:/buildslave/unity/build/artifacts/generated/common/runtime/UnityEngineDebugBindings.gen.cpp Line: 37)

Path Completed : Computation Time 0.00 ms Searched Nodes 13 Path Length 13
Path Number 132
 
(Filename: C:/buildslave/unity/build/artifacts/generated/common/runtime/UnityEngineDebugBindings.gen.cpp Line: 37)

Path Completed : Computation Time 0.00 ms Searched Nodes 21 Path Length 13
Path Number 133
 
(Filename: C:/buildslave/unity/build/artifacts/generated/common/runtime/UnityEngineDebugBindings.gen.cpp Line: 37)

Path Completed : Computation Time 0.00 ms Searched Nodes 0 Path Length 1
Path Number 135
 
(Filename: C:/buildslave/unity/build/artifacts/generated/common/runtime/UnityEngineDebugBindings.gen.cpp Line: 37)

Path Completed : Computation Time 0.00 ms Searched Nodes 0 Path Length 1
Path Number 137
 
(Filename: C:/buildslave/unity/build/artifacts/generated/common/runtime/UnityEngineDebugBindings.gen.cpp Line: 37)

Path Completed : Computation Time 0.00 ms Searched Nodes 0 Path Length 1
Path Number 139
 
(Filename: C:/buildslave/unity/build/artifacts/generated/common/runtime/UnityEngineDebugBindings.gen.cpp Line: 37)

Path Completed : Computation Time 0.00 ms Searched Nodes 0 Path Length 1
Path Number 141
 
(Filename: C:/buildslave/unity/build/artifacts/generated/common/runtime/UnityEngineDebugBindings.gen.cpp Line: 37)

Path Completed : Computation Time 0.00 ms Searched Nodes 35 Path Length 21
Path Number 142
 
(Filename: C:/buildslave/unity/build/artifacts/generated/common/runtime/UnityEngineDebugBindings.gen.cpp Line: 37)

Path Completed : Computation Time 0.00 ms Searched Nodes 45 Path Length 20
Path Number 143
 
(Filename: C:/buildslave/unity/build/artifacts/generated/common/runtime/UnityEngineDebugBindings.gen.cpp Line: 37)

Path Completed : Computation Time 0.00 ms Searched Nodes 8 Path Length 8
Path Number 144
 
(Filename: C:/buildslave/unity/build/artifacts/generated/common/runtime/UnityEngineDebugBindings.gen.cpp Line: 37)

Path Completed : Computation Time 0.00 ms Searched Nodes 8 Path Length 8
Path Number 145
 
(Filename: C:/buildslave/unity/build/artifacts/generated/common/runtime/UnityEngineDebugBindings.gen.cpp Line: 37)

Path Completed : Computation Time 0.00 ms Searched Nodes 28 Path Length 16
Path Number 146
 
(Filename: C:/buildslave/unity/build/artifacts/generated/common/runtime/UnityEngineDebugBindings.gen.cpp Line: 37)

Path Completed : Computation Time 0.00 ms Searched Nodes 32 Path Length 15
Path Number 147
 
(Filename: C:/buildslave/unity/build/artifacts/generated/common/runtime/UnityEngineDebugBindings.gen.cpp Line: 37)

Path Completed : Computation Time 0.00 ms Searched Nodes 12 Path Length 12
Path Number 148
 
(Filename: C:/buildslave/unity/build/artifacts/generated/common/runtime/UnityEngineDebugBindings.gen.cpp Line: 37)

Path Completed : Computation Time 0.00 ms Searched Nodes 11 Path Length 11
Path Number 149
 
(Filename: C:/buildslave/unity/build/artifacts/generated/common/runtime/UnityEngineDebugBindings.gen.cpp Line: 37)

Path Completed : Computation Time 1.00 ms Searched Nodes 230 Path Length 84
Path Number 150
 
(Filename: C:/buildslave/unity/build/artifacts/generated/common/runtime/UnityEngineDebugBindings.gen.cpp Line: 37)

Path Completed : Computation Time 0.00 ms Searched Nodes 14 Path Length 10
Path Number 151
 
(Filename: C:/buildslave/unity/build/artifacts/generated/common/runtime/UnityEngineDebugBindings.gen.cpp Line: 37)

Path Completed : Computation Time 0.00 ms Searched Nodes 12 Path Length 9
Path Number 152
 
(Filename: C:/buildslave/unity/build/artifacts/generated/common/runtime/UnityEngineDebugBindings.gen.cpp Line: 37)

Path Completed : Computation Time 0.00 ms Searched Nodes 7 Path Length 6
Path Number 153
 
(Filename: C:/buildslave/unity/build/artifacts/generated/common/runtime/UnityEngineDebugBindings.gen.cpp Line: 37)

Path Completed : Computation Time 0.00 ms Searched Nodes 318 Path Length 39
Path Number 154
 
(Filename: C:/buildslave/unity/build/artifacts/generated/common/runtime/UnityEngineDebugBindings.gen.cpp Line: 37)

Path Completed : Computation Time 0.00 ms Searched Nodes 2 Path Length 2
Path Number 155
 
(Filename: C:/buildslave/unity/build/artifacts/generated/common/runtime/UnityEngineDebugBindings.gen.cpp Line: 37)

Path Completed : Computation Time 0.00 ms Searched Nodes 0 Path Length 1
Path Number 157
 
(Filename: C:/buildslave/unity/build/artifacts/generated/common/runtime/UnityEngineDebugBindings.gen.cpp Line: 37)

Path Completed : Computation Time 0.00 ms Searched Nodes 0 Path Length 1
Path Number 159
 
(Filename: C:/buildslave/unity/build/artifacts/generated/common/runtime/UnityEngineDebugBindings.gen.cpp Line: 37)

Path Completed : Computation Time 0.00 ms Searched Nodes 0 Path Length 1
Path Number 161
 
(Filename: C:/buildslave/unity/build/artifacts/generated/common/runtime/UnityEngineDebugBindings.gen.cpp Line: 37)

Path Completed : Computation Time 0.00 ms Searched Nodes 0 Path Length 1
Path Number 163
 
(Filename: C:/buildslave/unity/build/artifacts/generated/common/runtime/UnityEngineDebugBindings.gen.cpp Line: 37)

Path Completed : Computation Time 0.00 ms Searched Nodes 0 Path Length 1
Path Number 165
 
(Filename: C:/buildslave/unity/build/artifacts/generated/common/runtime/UnityEngineDebugBindings.gen.cpp Line: 37)

Path Completed : Computation Time 0.00 ms Searched Nodes 0 Path Length 1
Path Number 167
 
(Filename: C:/buildslave/unity/build/artifacts/generated/common/runtime/UnityEngineDebugBindings.gen.cpp Line: 37)

Path Completed : Computation Time 0.00 ms Searched Nodes 0 Path Length 1
Path Number 169
 
(Filename: C:/buildslave/unity/build/artifacts/generated/common/runtime/UnityEngineDebugBindings.gen.cpp Line: 37)

Path Completed : Computation Time 0.00 ms Searched Nodes 0 Path Length 1
Path Number 171
 
(Filename: C:/buildslave/unity/build/artifacts/generated/common/runtime/UnityEngineDebugBindings.gen.cpp Line: 37)

Path Completed : Computation Time 0.00 ms Searched Nodes 0 Path Length 1
Path Number 173
 
(Filename: C:/buildslave/unity/build/artifacts/generated/common/runtime/UnityEngineDebugBindings.gen.cpp Line: 37)

Path Completed : Computation Time 0.00 ms Searched Nodes 0 Path Length 1
Path Number 175
 
(Filename: C:/buildslave/unity/build/artifacts/generated/common/runtime/UnityEngineDebugBindings.gen.cpp Line: 37)

Path Completed : Computation Time 0.00 ms Searched Nodes 0 Path Length 1
Path Number 177
 
(Filename: C:/buildslave/unity/build/artifacts/generated/common/runtime/UnityEngineDebugBindings.gen.cpp Line: 37)

Path Completed : Computation Time 0.00 ms Searched Nodes 0 Path Length 1
Path Number 179
 
(Filename: C:/buildslave/unity/build/artifacts/generated/common/runtime/UnityEngineDebugBindings.gen.cpp Line: 37)

Path Completed : Computation Time 0.00 ms Searched Nodes 0 Path Length 1
Path Number 181
 
(Filename: C:/buildslave/unity/build/artifacts/generated/common/runtime/UnityEngineDebugBindings.gen.cpp Line: 37)

Path Completed : Computation Time 0.00 ms Searched Nodes 0 Path Length 1
Path Number 183
 
(Filename: C:/buildslave/unity/build/artifacts/generated/common/runtime/UnityEngineDebugBindings.gen.cpp Line: 37)

Path Completed : Computation Time 0.00 ms Searched Nodes 0 Path Length 1
Path Number 185
 
(Filename: C:/buildslave/unity/build/artifacts/generated/common/runtime/UnityEngineDebugBindings.gen.cpp Line: 37)

Path Completed : Computation Time 0.00 ms Searched Nodes 0 Path Length 1
Path Number 187
 
(Filename: C:/buildslave/unity/build/artifacts/generated/common/runtime/UnityEngineDebugBindings.gen.cpp Line: 37)

Path Completed : Computation Time 0.00 ms Searched Nodes 0 Path Length 1
Path Number 189
 
(Filename: C:/buildslave/unity/build/artifacts/generated/common/runtime/UnityEngineDebugBindings.gen.cpp Line: 37)

Path Completed : Computation Time 0.00 ms Searched Nodes 0 Path Length 1
Path Number 191
 
(Filename: C:/buildslave/unity/build/artifacts/generated/common/runtime/UnityEngineDebugBindings.gen.cpp Line: 37)

Path Completed : Computation Time 0.00 ms Searched Nodes 0 Path Length 1
Path Number 193
 
(Filename: C:/buildslave/unity/build/artifacts/generated/common/runtime/UnityEngineDebugBindings.gen.cpp Line: 37)

Path Completed : Computation Time 0.00 ms Searched Nodes 0 Path Length 1
Path Number 195
 
(Filename: C:/buildslave/unity/build/artifacts/generated/common/runtime/UnityEngineDebugBindings.gen.cpp Line: 37)

Path Completed : Computation Time 0.00 ms Searched Nodes 0 Path Length 1
Path Number 197
 
(Filename: C:/buildslave/unity/build/artifacts/generated/common/runtime/UnityEngineDebugBindings.gen.cpp Line: 37)

Path Completed : Computation Time 0.00 ms Searched Nodes 0 Path Length 1
Path Number 199
 
(Filename: C:/buildslave/unity/build/artifacts/generated/common/runtime/UnityEngineDebugBindings.gen.cpp Line: 37)

Path Completed : Computation Time 0.00 ms Searched Nodes 0 Path Length 1
Path Number 201
 
(Filename: C:/buildslave/unity/build/artifacts/generated/common/runtime/UnityEngineDebugBindings.gen.cpp Line: 37)

Path Completed : Computation Time 0.00 ms Searched Nodes 0 Path Length 1
Path Number 203
 
(Filename: C:/buildslave/unity/build/artifacts/generated/common/runtime/UnityEngineDebugBindings.gen.cpp Line: 37)

Path Completed : Computation Time 0.00 ms Searched Nodes 67 Path Length 15
Path Number 204
 
(Filename: C:/buildslave/unity/build/artifacts/generated/common/runtime/UnityEngineDebugBindings.gen.cpp Line: 37)

Path Completed : Computation Time 0.00 ms Searched Nodes 36 Path Length 11
Path Number 205
 
(Filename: C:/buildslave/unity/build/artifacts/generated/common/runtime/UnityEngineDebugBindings.gen.cpp Line: 37)

Path Completed : Computation Time 0.00 ms Searched Nodes 234 Path Length 48
Path Number 206
 
(Filename: C:/buildslave/unity/build/artifacts/generated/common/runtime/UnityEngineDebugBindings.gen.cpp Line: 37)

Path Completed : Computation Time 0.00 ms Searched Nodes 253 Path Length 109
Path Number 207
 
(Filename: C:/buildslave/unity/build/artifacts/generated/common/runtime/UnityEngineDebugBindings.gen.cpp Line: 37)

Scanning - Process took 29 ms to complete
 
(Filename: C:/buildslave/unity/build/artifacts/generated/common/runtime/UnityEngineDebugBindings.gen.cpp Line: 37)

Unloading 3 Unused Serialized files (Serialized files now loaded: 0)
UnloadTime: 14.254511 ms

Unloading 1 unused Assets to reduce memory usage. Loaded Objects now: 5417.
Total: 2.042100 ms (FindLiveObjects: 0.175902 ms CreateObjectMapping: 0.279580 ms MarkObjects: 1.569143 ms  DeleteObjects: 0.016600 ms)

Scanning - Process took 27 ms to complete
 
(Filename: C:/buildslave/unity/build/artifacts/generated/common/runtime/UnityEngineDebugBindings.gen.cpp Line: 37)

Scanning - Process took 28 ms to complete
 
(Filename: C:/buildslave/unity/build/artifacts/generated/common/runtime/UnityEngineDebugBindings.gen.cpp Line: 37)

Path Completed : Computation Time 1.00 ms Searched Nodes 1465 Path Length 85
Path Number 1
 
(Filename: C:/buildslave/unity/build/artifacts/generated/common/runtime/UnityEngineDebugBindings.gen.cpp Line: 37)

Path Completed : Computation Time 0.00 ms Searched Nodes 119 Path Length 30
Path Number 2
 
(Filename: C:/buildslave/unity/build/artifacts/generated/common/runtime/UnityEngineDebugBindings.gen.cpp Line: 37)

Path Completed : Computation Time 1.00 ms Searched Nodes 935 Path Length 117
Path Number 3
 
(Filename: C:/buildslave/unity/build/artifacts/generated/common/runtime/UnityEngineDebugBindings.gen.cpp Line: 37)

Path Completed : Computation Time 0.00 ms Searched Nodes 786 Path Length 83
Path Number 4
 
(Filename: C:/buildslave/unity/build/artifacts/generated/common/runtime/UnityEngineDebugBindings.gen.cpp Line: 37)

Path Completed : Computation Time 1.00 ms Searched Nodes 489 Path Length 48
Path Number 5
 
(Filename: C:/buildslave/unity/build/artifacts/generated/common/runtime/UnityEngineDebugBindings.gen.cpp Line: 37)

Path Completed : Computation Time 0.00 ms Searched Nodes 529 Path Length 141
Path Number 6
 
(Filename: C:/buildslave/unity/build/artifacts/generated/common/runtime/UnityEngineDebugBindings.gen.cpp Line: 37)

Path Completed : Computation Time 1.00 ms Searched Nodes 2336 Path Length 146
Path Number 7
 
(Filename: C:/buildslave/unity/build/artifacts/generated/common/runtime/UnityEngineDebugBindings.gen.cpp Line: 37)

Path Completed : Computation Time 1.00 ms Searched Nodes 583 Path Length 90
Path Number 8
 
(Filename: C:/buildslave/unity/build/artifacts/generated/common/runtime/UnityEngineDebugBindings.gen.cpp Line: 37)

Path Completed : Computation Time 3.00 ms Searched Nodes 1868 Path Length 162
Path Number 9
 
(Filename: C:/buildslave/unity/build/artifacts/generated/common/runtime/UnityEngineDebugBindings.gen.cpp Line: 37)

Path Completed : Computation Time 0.00 ms Searched Nodes 156 Path Length 32
Path Number 10
 
(Filename: C:/buildslave/unity/build/artifacts/generated/common/runtime/UnityEngineDebugBindings.gen.cpp Line: 37)

Path Completed : Computation Time 0.00 ms Searched Nodes 76 Path Length 43
Path Number 11
 
(Filename: C:/buildslave/unity/build/artifacts/generated/common/runtime/UnityEngineDebugBindings.gen.cpp Line: 37)

Setting up 1 worker threads for Enlighten.
  Thread -> id: 276c -> priority: 1 
